        -:    0:Source:TestGraph.c++
        -:    0:Graph:TestGraph.gcno
        -:    0:Data:TestGraph.gcda
        -:    0:Runs:2
        -:    0:Programs:1
        -:    1:// ----------------------------
        -:    2:// projects/graph/TestGraph.c++
        -:    3:// Copyright (C) 2014
        -:    4:// Glenn P. Downing
        -:    5:// ----------------------------
        -:    6:
        -:    7://  https://code.google.com/p/googletest/wiki/V1_7_Primer#Basic_Assertions
        -:    8:
        -:    9:/*
        -:   10:Google Test Libraries:
        -:   11:    % ls -al /usr/include/gtest/
        -:   12:    ...
        -:   13:    gtest.h
        -:   14:    ...
        -:   15:
        -:   16:    % locate libgtest.a
        -:   17:    /usr/lib/libgtest.a
        -:   18:
        -:   19:    % locate libpthread.a
        -:   20:    /usr/lib/x86_64-linux-gnu/libpthread.a
        -:   21:    /usr/lib32/libpthread.a
        -:   22:
        -:   23:    % locate libgtest_main.a
        -:   24:    /usr/lib/libgtest_main.a
        -:   25:
        -:   26:To compile the test:
        -:   27:    % g++-4.7 -fprofile-arcs -ftest-coverage -pedantic -std=c++11 -Wall Graph.c++ TestGraph.c++ -o TestGraph -lgtest -lgtest_main -lpthread
        -:   28:
        -:   29:To run the test:
        -:   30:    % valgrind TestGraph
        -:   31:
        -:   32:To obtain coverage of the test:
        -:   33:    % gcov-4.7 -b Graph.c++ TestGraph.c++
        -:   34:*/
        -:   35:
        -:   36:// --------
        -:   37:// includes
        -:   38:// --------
        -:   39:
        -:   40:#include <iostream> // cout, endl
        -:   41:#include <iterator> // ostream_iterator
        -:   42:#include <sstream>  // ostringstream
        -:   43:#include <utility>  // pair
        -:   44:
        -:   45:#include "boost/graph/adjacency_list.hpp"  // adjacency_list
        -:   46:#include "boost/graph/topological_sort.hpp"// topological_sort
        -:   47:
        -:   48:#include "gtest/gtest.h"
        -:   49:
        -:   50:#include "Graph.h"
        -:   51:
        -:   52:#define ALL_OF_THIS typedef typename TestFixture::graph_type         graph_type; \
        -:   53:                    typedef typename TestFixture::vertex_descriptor  vertex_descriptor; \
        -:   54:                    typedef typename TestFixture::edge_descriptor    edge_descriptor; \
        -:   55:                    typedef typename TestFixture::vertex_iterator    vertex_iterator; \
        -:   56:                    typedef typename TestFixture::edge_iterator      edge_iterator; \
        -:   57:                    typedef typename TestFixture::adjacency_iterator adjacency_iterator; \
        -:   58:                    typedef typename TestFixture::vertices_size_type vertices_size_type; \
        -:   59:                    typedef typename TestFixture::edges_size_type    edges_size_type; \
        -:   60:// ---------
        -:   61:// TestGraph
        -:   62:// ---------
        -:   63:
        -:   64:template <typename G>
function _ZN9TestGraphIN5boost14adjacency_listINS0_4setSENS0_4vecSENS0_9directedSENS0_11no_propertyES5_S5_NS0_5listSEEEED0Ev called 0 returned 0% blocks executed 0%
function _ZN9TestGraphIN5boost14adjacency_listINS0_4setSENS0_4vecSENS0_9directedSENS0_11no_propertyES5_S5_NS0_5listSEEEED2Ev called 82 returned 100% blocks executed 75%
function _ZN9TestGraphIN5boost14adjacency_listINS0_4setSENS0_4vecSENS0_9directedSENS0_11no_propertyES5_S5_NS0_5listSEEEEC2Ev called 82 returned 100% blocks executed 100%
function _ZN9TestGraphI5GraphED0Ev called 0 returned 0% blocks executed 0%
function _ZN9TestGraphI5GraphED2Ev called 82 returned 100% blocks executed 75%
function _ZN9TestGraphI5GraphEC2Ev called 82 returned 100% blocks executed 100%
      328:   65:struct TestGraph : testing::Test {
call    0 never executed
call    1 never executed
call    2 returned 100%
branch  3 taken 0% (fallthrough)
branch  4 taken 100%
call    5 never executed
call    6 returned 100%
call    7 never executed
call    8 never executed
call    9 returned 100%
branch 10 taken 0% (fallthrough)
branch 11 taken 100%
call   12 never executed
call   13 returned 100%
        -:   66:    // --------
        -:   67:    // typedefs
        -:   68:    // --------
        -:   69:
        -:   70:    typedef          G                     graph_type;
        -:   71:    typedef typename G::vertex_descriptor  vertex_descriptor;
        -:   72:    typedef typename G::edge_descriptor    edge_descriptor;
        -:   73:    typedef typename G::vertex_iterator    vertex_iterator;
        -:   74:    typedef typename G::edge_iterator      edge_iterator;
        -:   75:    typedef typename G::adjacency_iterator adjacency_iterator;
        -:   76:    typedef typename G::vertices_size_type vertices_size_type;
        -:   77:    typedef typename G::edges_size_type    edges_size_type;};
        -:   78:
        -:   79:// directed, sparse, unweighted
        -:   80:// possibly connected
        -:   81:// possibly cyclic
        -:   82:typedef testing::Types<
        -:   83:            boost::adjacency_list<boost::setS, boost::vecS, boost::directedS>,
        -:   84:            Graph>
        -:   85:        my_types;
        -:   86:
        -:   87:TYPED_TEST_CASE(TestGraph, my_types);
        -:   88:
        -:   89:
        -:   90:
        -:   91:
        -:   92:// ----------------------
        -:   93:
function _ZN26TestGraph_Num_Edges_1_TestIN5boost14adjacency_listINS0_4setSENS0_4vecSENS0_9directedSENS0_11no_propertyES5_S5_NS0_5listSEEEE8TestBodyEv called 2 returned 100% blocks executed 39%
function _ZN26TestGraph_Num_Edges_1_TestI5GraphE8TestBodyEv called 2 returned 100% blocks executed 40%
function _ZN26TestGraph_Num_Edges_1_TestIN5boost14adjacency_listINS0_4setSENS0_4vecSENS0_9directedSENS0_11no_propertyES5_S5_NS0_5listSEEEED0Ev called 2 returned 100% blocks executed 100%
function _ZN26TestGraph_Num_Edges_1_TestIN5boost14adjacency_listINS0_4setSENS0_4vecSENS0_9directedSENS0_11no_propertyES5_S5_NS0_5listSEEEED2Ev called 2 returned 100% blocks executed 75%
function _ZN26TestGraph_Num_Edges_1_TestI5GraphED0Ev called 2 returned 100% blocks executed 100%
function _ZN26TestGraph_Num_Edges_1_TestI5GraphED2Ev called 2 returned 100% blocks executed 75%
function _ZN26TestGraph_Num_Edges_1_TestIN5boost14adjacency_listINS0_4setSENS0_4vecSENS0_9directedSENS0_11no_propertyES5_S5_NS0_5listSEEEEC2Ev called 2 returned 100% blocks executed 100%
function _ZN26TestGraph_Num_Edges_1_TestI5GraphEC2Ev called 2 returned 100% blocks executed 100%
       18:   94:TYPED_TEST(TestGraph, Num_Edges_1){
call    0 returned 100%
call    1 returned 100%
call    2 returned 100%
branch  3 taken 0% (fallthrough)
branch  4 taken 100%
call    5 never executed
call    6 returned 100%
call    7 returned 100%
call    8 returned 100%
branch  9 taken 0% (fallthrough)
branch 10 taken 100%
call   11 never executed
call   12 returned 100%
call   13 returned 100%
call   14 returned 100%
        -:   95:    ALL_OF_THIS;
        4:   96:    graph_type g;
branch  0 taken 100% (fallthrough)
branch  1 taken 0% (throw)
call    2 returned 100%
branch  3 taken 100% (fallthrough)
branch  4 taken 0% (throw)
call    5 returned 100%
        -:   97:
        4:   98:    add_vertex(g);
branch  0 taken 100% (fallthrough)
branch  1 taken 0% (throw)
call    2 returned 100%
branch  3 taken 100% (fallthrough)
branch  4 taken 0% (throw)
call    5 returned 100%
        4:   99:    ASSERT_EQ(0, num_edges(g));
branch  0 taken 100% (fallthrough)
branch  1 taken 0% (throw)
call    2 returned 100%
branch  3 taken 100% (fallthrough)
branch  4 taken 0% (throw)
call    5 returned 100%
call    6 returned 100%
branch  7 taken 0% (fallthrough)
branch  8 taken 100%
branch  9 never executed
branch 10 never executed
call   11 never executed
branch 12 never executed
branch 13 never executed
call   14 never executed
branch 15 never executed
branch 16 never executed
call   17 never executed
branch 18 never executed
branch 19 never executed
call   20 never executed
branch 21 never executed
branch 22 never executed
call   23 never executed
branch 24 never executed
branch 25 never executed
call   26 never executed
branch 27 taken 100% (fallthrough)
branch 28 taken 0% (throw)
call   29 returned 100%
branch 30 taken 100%
branch 31 taken 0%
branch 32 taken 100% (fallthrough)
branch 33 taken 0% (throw)
call   34 returned 100%
branch 35 taken 100%
branch 36 taken 0%
call   37 never executed
call   38 never executed
call   39 never executed
call   40 never executed
call   41 never executed
call   42 returned 100%
branch 43 taken 100% (fallthrough)
branch 44 taken 0% (throw)
call   45 returned 100%
call   46 returned 100%
branch 47 taken 0% (fallthrough)
branch 48 taken 100%
branch 49 never executed
branch 50 never executed
call   51 never executed
branch 52 never executed
branch 53 never executed
call   54 never executed
branch 55 never executed
branch 56 never executed
call   57 never executed
branch 58 never executed
branch 59 never executed
call   60 never executed
branch 61 never executed
branch 62 never executed
call   63 never executed
branch 64 never executed
branch 65 never executed
call   66 never executed
branch 67 taken 100% (fallthrough)
branch 68 taken 0% (throw)
call   69 returned 100%
branch 70 taken 100%
branch 71 taken 0%
call   72 returned 100%
branch 73 taken 100%
branch 74 taken 0%
call   75 never executed
call   76 never executed
call   77 never executed
call   78 never executed
call   79 never executed
        -:  100:}
        -:  101:
function _ZN26TestGraph_Num_Edges_2_TestIN5boost14adjacency_listINS0_4setSENS0_4vecSENS0_9directedSENS0_11no_propertyES5_S5_NS0_5listSEEEE8TestBodyEv called 2 returned 100% blocks executed 42%
function _ZN26TestGraph_Num_Edges_2_TestI5GraphE8TestBodyEv called 2 returned 100% blocks executed 43%
function _ZN26TestGraph_Num_Edges_2_TestIN5boost14adjacency_listINS0_4setSENS0_4vecSENS0_9directedSENS0_11no_propertyES5_S5_NS0_5listSEEEED0Ev called 2 returned 100% blocks executed 100%
function _ZN26TestGraph_Num_Edges_2_TestIN5boost14adjacency_listINS0_4setSENS0_4vecSENS0_9directedSENS0_11no_propertyES5_S5_NS0_5listSEEEED2Ev called 2 returned 100% blocks executed 75%
function _ZN26TestGraph_Num_Edges_2_TestI5GraphED0Ev called 2 returned 100% blocks executed 100%
function _ZN26TestGraph_Num_Edges_2_TestI5GraphED2Ev called 2 returned 100% blocks executed 75%
function _ZN26TestGraph_Num_Edges_2_TestIN5boost14adjacency_listINS0_4setSENS0_4vecSENS0_9directedSENS0_11no_propertyES5_S5_NS0_5listSEEEEC2Ev called 2 returned 100% blocks executed 100%
function _ZN26TestGraph_Num_Edges_2_TestI5GraphEC2Ev called 2 returned 100% blocks executed 100%
       18:  102:TYPED_TEST(TestGraph, Num_Edges_2){
call    0 returned 100%
call    1 returned 100%
call    2 returned 100%
branch  3 taken 0% (fallthrough)
branch  4 taken 100%
call    5 never executed
call    6 returned 100%
call    7 returned 100%
call    8 returned 100%
branch  9 taken 0% (fallthrough)
branch 10 taken 100%
call   11 never executed
call   12 returned 100%
call   13 returned 100%
call   14 returned 100%
        -:  103:    ALL_OF_THIS;
        4:  104:    graph_type g;
branch  0 taken 100% (fallthrough)
branch  1 taken 0% (throw)
call    2 returned 100%
branch  3 taken 100% (fallthrough)
branch  4 taken 0% (throw)
call    5 returned 100%
        -:  105:
        4:  106:    vertex_descriptor vdA = add_vertex(g);
branch  0 taken 100% (fallthrough)
branch  1 taken 0% (throw)
call    2 returned 100%
branch  3 taken 100% (fallthrough)
branch  4 taken 0% (throw)
call    5 returned 100%
        4:  107:    vertex_descriptor vdB = add_vertex(g);
branch  0 taken 100% (fallthrough)
branch  1 taken 0% (throw)
call    2 returned 100%
branch  3 taken 100% (fallthrough)
branch  4 taken 0% (throw)
call    5 returned 100%
        4:  108:    add_edge(vdA, vdB, g);
branch  0 taken 100% (fallthrough)
branch  1 taken 0% (throw)
call    2 returned 100%
branch  3 taken 100% (fallthrough)
branch  4 taken 0% (throw)
call    5 returned 100%
        4:  109:    ASSERT_EQ(1, num_edges(g));
branch  0 taken 100% (fallthrough)
branch  1 taken 0% (throw)
call    2 returned 100%
branch  3 taken 100% (fallthrough)
branch  4 taken 0% (throw)
call    5 returned 100%
call    6 returned 100%
branch  7 taken 0% (fallthrough)
branch  8 taken 100%
branch  9 never executed
branch 10 never executed
call   11 never executed
branch 12 never executed
branch 13 never executed
call   14 never executed
branch 15 never executed
branch 16 never executed
call   17 never executed
branch 18 never executed
branch 19 never executed
call   20 never executed
branch 21 never executed
branch 22 never executed
call   23 never executed
branch 24 never executed
branch 25 never executed
call   26 never executed
branch 27 taken 100% (fallthrough)
branch 28 taken 0% (throw)
call   29 returned 100%
branch 30 taken 100%
branch 31 taken 0%
branch 32 taken 100% (fallthrough)
branch 33 taken 0% (throw)
call   34 returned 100%
branch 35 taken 100%
branch 36 taken 0%
call   37 never executed
call   38 never executed
call   39 never executed
call   40 never executed
call   41 never executed
call   42 returned 100%
branch 43 taken 100% (fallthrough)
branch 44 taken 0% (throw)
call   45 returned 100%
call   46 returned 100%
branch 47 taken 0% (fallthrough)
branch 48 taken 100%
branch 49 never executed
branch 50 never executed
call   51 never executed
branch 52 never executed
branch 53 never executed
call   54 never executed
branch 55 never executed
branch 56 never executed
call   57 never executed
branch 58 never executed
branch 59 never executed
call   60 never executed
branch 61 never executed
branch 62 never executed
call   63 never executed
branch 64 never executed
branch 65 never executed
call   66 never executed
branch 67 taken 100% (fallthrough)
branch 68 taken 0% (throw)
call   69 returned 100%
branch 70 taken 100%
branch 71 taken 0%
call   72 returned 100%
branch 73 taken 100%
branch 74 taken 0%
call   75 never executed
call   76 never executed
call   77 never executed
call   78 never executed
call   79 never executed
        -:  110:}
        -:  111:
function _ZN26TestGraph_Num_Edges_3_TestIN5boost14adjacency_listINS0_4setSENS0_4vecSENS0_9directedSENS0_11no_propertyES5_S5_NS0_5listSEEEE8TestBodyEv called 2 returned 100% blocks executed 39%
function _ZN26TestGraph_Num_Edges_3_TestI5GraphE8TestBodyEv called 2 returned 100% blocks executed 40%
function _ZN26TestGraph_Num_Edges_3_TestIN5boost14adjacency_listINS0_4setSENS0_4vecSENS0_9directedSENS0_11no_propertyES5_S5_NS0_5listSEEEED0Ev called 2 returned 100% blocks executed 100%
function _ZN26TestGraph_Num_Edges_3_TestIN5boost14adjacency_listINS0_4setSENS0_4vecSENS0_9directedSENS0_11no_propertyES5_S5_NS0_5listSEEEED2Ev called 2 returned 100% blocks executed 75%
function _ZN26TestGraph_Num_Edges_3_TestI5GraphED0Ev called 2 returned 100% blocks executed 100%
function _ZN26TestGraph_Num_Edges_3_TestI5GraphED2Ev called 2 returned 100% blocks executed 75%
function _ZN26TestGraph_Num_Edges_3_TestIN5boost14adjacency_listINS0_4setSENS0_4vecSENS0_9directedSENS0_11no_propertyES5_S5_NS0_5listSEEEEC2Ev called 2 returned 100% blocks executed 100%
function _ZN26TestGraph_Num_Edges_3_TestI5GraphEC2Ev called 2 returned 100% blocks executed 100%
       18:  112:TYPED_TEST(TestGraph, Num_Edges_3){
call    0 returned 100%
call    1 returned 100%
call    2 returned 100%
branch  3 taken 0% (fallthrough)
branch  4 taken 100%
call    5 never executed
call    6 returned 100%
call    7 returned 100%
call    8 returned 100%
branch  9 taken 0% (fallthrough)
branch 10 taken 100%
call   11 never executed
call   12 returned 100%
call   13 returned 100%
call   14 returned 100%
        -:  113:    ALL_OF_THIS;
        4:  114:    graph_type g;
branch  0 taken 100% (fallthrough)
branch  1 taken 0% (throw)
call    2 returned 100%
branch  3 taken 100% (fallthrough)
branch  4 taken 0% (throw)
call    5 returned 100%
        -:  115:
        4:  116:    vertex_descriptor vdA = add_vertex(g);
branch  0 taken 100% (fallthrough)
branch  1 taken 0% (throw)
call    2 returned 100%
branch  3 taken 100% (fallthrough)
branch  4 taken 0% (throw)
call    5 returned 100%
        4:  117:    vertex_descriptor vdB = add_vertex(g);
branch  0 taken 100% (fallthrough)
branch  1 taken 0% (throw)
call    2 returned 100%
branch  3 taken 100% (fallthrough)
branch  4 taken 0% (throw)
call    5 returned 100%
        4:  118:    add_edge(vdA, vdB, g);
branch  0 taken 100% (fallthrough)
branch  1 taken 0% (throw)
call    2 returned 100%
branch  3 taken 100% (fallthrough)
branch  4 taken 0% (throw)
call    5 returned 100%
        4:  119:    ASSERT_EQ(1, num_edges(g));
branch  0 taken 100% (fallthrough)
branch  1 taken 0% (throw)
call    2 returned 100%
branch  3 taken 100% (fallthrough)
branch  4 taken 0% (throw)
call    5 returned 100%
call    6 returned 100%
branch  7 taken 0% (fallthrough)
branch  8 taken 100%
branch  9 never executed
branch 10 never executed
call   11 never executed
branch 12 never executed
branch 13 never executed
call   14 never executed
branch 15 never executed
branch 16 never executed
call   17 never executed
branch 18 never executed
branch 19 never executed
call   20 never executed
branch 21 never executed
branch 22 never executed
call   23 never executed
branch 24 never executed
branch 25 never executed
call   26 never executed
branch 27 taken 100% (fallthrough)
branch 28 taken 0% (throw)
call   29 returned 100%
branch 30 taken 100%
branch 31 taken 0%
call   32 never executed
call   33 never executed
call   34 never executed
call   35 returned 100%
branch 36 taken 100% (fallthrough)
branch 37 taken 0% (throw)
call   38 returned 100%
call   39 returned 100%
branch 40 taken 0% (fallthrough)
branch 41 taken 100%
branch 42 never executed
branch 43 never executed
call   44 never executed
branch 45 never executed
branch 46 never executed
call   47 never executed
branch 48 never executed
branch 49 never executed
call   50 never executed
branch 51 never executed
branch 52 never executed
call   53 never executed
branch 54 never executed
branch 55 never executed
call   56 never executed
branch 57 never executed
branch 58 never executed
call   59 never executed
branch 60 taken 100% (fallthrough)
branch 61 taken 0% (throw)
call   62 returned 100%
branch 63 taken 100%
branch 64 taken 0%
call   65 never executed
call   66 never executed
call   67 never executed
        -:  120:
        4:  121:    add_edge(vdB, vdA, g);
branch  0 taken 100% (fallthrough)
branch  1 taken 0% (throw)
call    2 returned 100%
branch  3 taken 100% (fallthrough)
branch  4 taken 0% (throw)
call    5 returned 100%
        4:  122:    add_edge(vdB, vdB, g);
branch  0 taken 100% (fallthrough)
branch  1 taken 0% (throw)
call    2 returned 100%
branch  3 taken 100% (fallthrough)
branch  4 taken 0% (throw)
call    5 returned 100%
        4:  123:    ASSERT_EQ(3, num_edges(g));
branch  0 taken 100% (fallthrough)
branch  1 taken 0% (throw)
call    2 returned 100%
branch  3 taken 100% (fallthrough)
branch  4 taken 0% (throw)
call    5 returned 100%
call    6 returned 100%
branch  7 taken 0% (fallthrough)
branch  8 taken 100%
branch  9 never executed
branch 10 never executed
call   11 never executed
branch 12 never executed
branch 13 never executed
call   14 never executed
branch 15 never executed
branch 16 never executed
call   17 never executed
branch 18 never executed
branch 19 never executed
call   20 never executed
branch 21 never executed
branch 22 never executed
call   23 never executed
branch 24 never executed
branch 25 never executed
call   26 never executed
branch 27 taken 100% (fallthrough)
branch 28 taken 0% (throw)
call   29 returned 100%
branch 30 taken 100%
branch 31 taken 0%
branch 32 taken 100% (fallthrough)
branch 33 taken 0% (throw)
call   34 returned 100%
branch 35 taken 100%
branch 36 taken 0%
call   37 never executed
call   38 never executed
call   39 never executed
call   40 never executed
call   41 never executed
call   42 returned 100%
branch 43 taken 100% (fallthrough)
branch 44 taken 0% (throw)
call   45 returned 100%
call   46 returned 100%
branch 47 taken 0% (fallthrough)
branch 48 taken 100%
branch 49 never executed
branch 50 never executed
call   51 never executed
branch 52 never executed
branch 53 never executed
call   54 never executed
branch 55 never executed
branch 56 never executed
call   57 never executed
branch 58 never executed
branch 59 never executed
call   60 never executed
branch 61 never executed
branch 62 never executed
call   63 never executed
branch 64 never executed
branch 65 never executed
call   66 never executed
branch 67 taken 100% (fallthrough)
branch 68 taken 0% (throw)
call   69 returned 100%
branch 70 taken 100%
branch 71 taken 0%
call   72 returned 100%
branch 73 taken 100%
branch 74 taken 0%
call   75 never executed
call   76 never executed
call   77 never executed
call   78 never executed
call   79 never executed
        -:  124:}
        -:  125:
function _ZN25TestGraph_Add_Edge_1_TestIN5boost14adjacency_listINS0_4setSENS0_4vecSENS0_9directedSENS0_11no_propertyES5_S5_NS0_5listSEEEE8TestBodyEv called 2 returned 100% blocks executed 34%
function _ZN25TestGraph_Add_Edge_1_TestI5GraphE8TestBodyEv called 2 returned 100% blocks executed 35%
function _ZN25TestGraph_Add_Edge_1_TestIN5boost14adjacency_listINS0_4setSENS0_4vecSENS0_9directedSENS0_11no_propertyES5_S5_NS0_5listSEEEED0Ev called 2 returned 100% blocks executed 100%
function _ZN25TestGraph_Add_Edge_1_TestIN5boost14adjacency_listINS0_4setSENS0_4vecSENS0_9directedSENS0_11no_propertyES5_S5_NS0_5listSEEEED2Ev called 2 returned 100% blocks executed 75%
function _ZN25TestGraph_Add_Edge_1_TestI5GraphED0Ev called 2 returned 100% blocks executed 100%
function _ZN25TestGraph_Add_Edge_1_TestI5GraphED2Ev called 2 returned 100% blocks executed 75%
function _ZN25TestGraph_Add_Edge_1_TestIN5boost14adjacency_listINS0_4setSENS0_4vecSENS0_9directedSENS0_11no_propertyES5_S5_NS0_5listSEEEEC2Ev called 2 returned 100% blocks executed 100%
function _ZN25TestGraph_Add_Edge_1_TestI5GraphEC2Ev called 2 returned 100% blocks executed 100%
       18:  126:TYPED_TEST(TestGraph, Add_Edge_1) {
call    0 returned 100%
call    1 returned 100%
call    2 returned 100%
branch  3 taken 0% (fallthrough)
branch  4 taken 100%
call    5 never executed
call    6 returned 100%
call    7 returned 100%
call    8 returned 100%
branch  9 taken 0% (fallthrough)
branch 10 taken 100%
call   11 never executed
call   12 returned 100%
call   13 returned 100%
call   14 returned 100%
        -:  127:    ALL_OF_THIS;
        4:  128:    graph_type g;
branch  0 taken 100% (fallthrough)
branch  1 taken 0% (throw)
call    2 returned 100%
branch  3 taken 100% (fallthrough)
branch  4 taken 0% (throw)
call    5 returned 100%
        -:  129:
        4:  130:    vertex_descriptor vdA = add_vertex(g);
branch  0 taken 100% (fallthrough)
branch  1 taken 0% (throw)
call    2 returned 100%
branch  3 taken 100% (fallthrough)
branch  4 taken 0% (throw)
call    5 returned 100%
        4:  131:    vertex_descriptor vdB = add_vertex(g);
branch  0 taken 100% (fallthrough)
branch  1 taken 0% (throw)
call    2 returned 100%
branch  3 taken 100% (fallthrough)
branch  4 taken 0% (throw)
call    5 returned 100%
        4:  132:    vertex_descriptor vdC = add_vertex(g);
branch  0 taken 100% (fallthrough)
branch  1 taken 0% (throw)
call    2 returned 100%
branch  3 taken 100% (fallthrough)
branch  4 taken 0% (throw)
call    5 returned 100%
        -:  133:
        4:  134:    ASSERT_TRUE(add_edge(vdC, vdA, g).second);
branch  0 taken 100% (fallthrough)
branch  1 taken 0% (throw)
call    2 returned 100%
branch  3 taken 100% (fallthrough)
branch  4 taken 0% (throw)
call    5 returned 100%
call    6 returned 100%
branch  7 taken 0% (fallthrough)
branch  8 taken 100%
branch  9 never executed
branch 10 never executed
call   11 never executed
branch 12 never executed
branch 13 never executed
call   14 never executed
call   15 never executed
branch 16 never executed
branch 17 never executed
call   18 never executed
branch 19 never executed
branch 20 never executed
call   21 never executed
branch 22 never executed
branch 23 never executed
call   24 never executed
call   25 never executed
branch 26 never executed
branch 27 never executed
call   28 never executed
branch 29 taken 100% (fallthrough)
branch 30 taken 0% (throw)
call   31 returned 100%
branch 32 taken 100%
branch 33 taken 0%
call   34 never executed
call   35 never executed
call   36 never executed
call   37 never executed
branch 38 taken 100% (fallthrough)
branch 39 taken 0% (throw)
call   40 returned 100%
branch 41 taken 100% (fallthrough)
branch 42 taken 0% (throw)
call   43 returned 100%
call   44 returned 100%
branch 45 taken 0% (fallthrough)
branch 46 taken 100%
branch 47 never executed
branch 48 never executed
call   49 never executed
branch 50 never executed
branch 51 never executed
call   52 never executed
call   53 never executed
branch 54 never executed
branch 55 never executed
call   56 never executed
branch 57 never executed
branch 58 never executed
call   59 never executed
branch 60 never executed
branch 61 never executed
call   62 never executed
call   63 never executed
branch 64 never executed
branch 65 never executed
call   66 never executed
branch 67 taken 100% (fallthrough)
branch 68 taken 0% (throw)
call   69 returned 100%
branch 70 taken 100%
branch 71 taken 0%
call   72 never executed
call   73 never executed
call   74 never executed
call   75 never executed
        4:  135:    ASSERT_FALSE(add_edge(vdC, vdA, g).second);
branch  0 taken 100% (fallthrough)
branch  1 taken 0% (throw)
call    2 returned 100%
branch  3 taken 100% (fallthrough)
branch  4 taken 0% (throw)
call    5 returned 100%
call    6 returned 100%
branch  7 taken 0% (fallthrough)
branch  8 taken 100%
branch  9 never executed
branch 10 never executed
call   11 never executed
branch 12 never executed
branch 13 never executed
call   14 never executed
call   15 never executed
branch 16 never executed
branch 17 never executed
call   18 never executed
branch 19 never executed
branch 20 never executed
call   21 never executed
branch 22 never executed
branch 23 never executed
call   24 never executed
call   25 never executed
branch 26 never executed
branch 27 never executed
call   28 never executed
branch 29 taken 100% (fallthrough)
branch 30 taken 0% (throw)
call   31 returned 100%
branch 32 taken 100%
branch 33 taken 0%
branch 34 taken 100% (fallthrough)
branch 35 taken 0% (throw)
call   36 returned 100%
branch 37 taken 100%
branch 38 taken 0%
call   39 never executed
call   40 never executed
call   41 never executed
call   42 never executed
call   43 never executed
call   44 never executed
branch 45 taken 100% (fallthrough)
branch 46 taken 0% (throw)
call   47 returned 100%
branch 48 taken 100% (fallthrough)
branch 49 taken 0% (throw)
call   50 returned 100%
call   51 returned 100%
branch 52 taken 0% (fallthrough)
branch 53 taken 100%
branch 54 never executed
branch 55 never executed
call   56 never executed
branch 57 never executed
branch 58 never executed
call   59 never executed
call   60 never executed
branch 61 never executed
branch 62 never executed
call   63 never executed
branch 64 never executed
branch 65 never executed
call   66 never executed
branch 67 never executed
branch 68 never executed
call   69 never executed
call   70 never executed
branch 71 never executed
branch 72 never executed
call   73 never executed
branch 74 taken 100% (fallthrough)
branch 75 taken 0% (throw)
call   76 returned 100%
branch 77 taken 100%
branch 78 taken 0%
call   79 returned 100%
branch 80 taken 100%
branch 81 taken 0%
call   82 never executed
call   83 never executed
call   84 never executed
call   85 never executed
call   86 never executed
call   87 never executed
        -:  136:
        -:  137:}
        -:  138:
function _ZN25TestGraph_Add_Edge_2_TestIN5boost14adjacency_listINS0_4setSENS0_4vecSENS0_9directedSENS0_11no_propertyES5_S5_NS0_5listSEEEE8TestBodyEv called 2 returned 100% blocks executed 44%
function _ZN25TestGraph_Add_Edge_2_TestI5GraphE8TestBodyEv called 2 returned 100% blocks executed 45%
function _ZN25TestGraph_Add_Edge_2_TestIN5boost14adjacency_listINS0_4setSENS0_4vecSENS0_9directedSENS0_11no_propertyES5_S5_NS0_5listSEEEED0Ev called 2 returned 100% blocks executed 100%
function _ZN25TestGraph_Add_Edge_2_TestIN5boost14adjacency_listINS0_4setSENS0_4vecSENS0_9directedSENS0_11no_propertyES5_S5_NS0_5listSEEEED2Ev called 2 returned 100% blocks executed 75%
function _ZN25TestGraph_Add_Edge_2_TestI5GraphED0Ev called 2 returned 100% blocks executed 100%
function _ZN25TestGraph_Add_Edge_2_TestI5GraphED2Ev called 2 returned 100% blocks executed 75%
function _ZN25TestGraph_Add_Edge_2_TestIN5boost14adjacency_listINS0_4setSENS0_4vecSENS0_9directedSENS0_11no_propertyES5_S5_NS0_5listSEEEEC2Ev called 2 returned 100% blocks executed 100%
function _ZN25TestGraph_Add_Edge_2_TestI5GraphEC2Ev called 2 returned 100% blocks executed 100%
       18:  139:TYPED_TEST(TestGraph, Add_Edge_2) {
call    0 returned 100%
call    1 returned 100%
call    2 returned 100%
branch  3 taken 0% (fallthrough)
branch  4 taken 100%
call    5 never executed
call    6 returned 100%
call    7 returned 100%
call    8 returned 100%
branch  9 taken 0% (fallthrough)
branch 10 taken 100%
call   11 never executed
call   12 returned 100%
call   13 returned 100%
call   14 returned 100%
        -:  140:    ALL_OF_THIS;
        4:  141:    graph_type g;
branch  0 taken 100% (fallthrough)
branch  1 taken 0% (throw)
call    2 returned 100%
branch  3 taken 100% (fallthrough)
branch  4 taken 0% (throw)
call    5 returned 100%
        -:  142:
        4:  143:    vertex_descriptor vdA = add_vertex(g);
branch  0 taken 100% (fallthrough)
branch  1 taken 0% (throw)
call    2 returned 100%
branch  3 taken 100% (fallthrough)
branch  4 taken 0% (throw)
call    5 returned 100%
        4:  144:    vertex_descriptor vdB = add_vertex(g);
branch  0 taken 100% (fallthrough)
branch  1 taken 0% (throw)
call    2 returned 100%
branch  3 taken 100% (fallthrough)
branch  4 taken 0% (throw)
call    5 returned 100%
        4:  145:    add_edge(vdA, vdB, g);
branch  0 taken 100% (fallthrough)
branch  1 taken 0% (throw)
call    2 returned 100%
branch  3 taken 100% (fallthrough)
branch  4 taken 0% (throw)
call    5 returned 100%
        4:  146:    add_edge(vdB, vdA, g);
branch  0 taken 100% (fallthrough)
branch  1 taken 0% (throw)
call    2 returned 100%
branch  3 taken 100% (fallthrough)
branch  4 taken 0% (throw)
call    5 returned 100%
        4:  147:    ASSERT_EQ(num_edges(g), 2);
branch  0 taken 100% (fallthrough)
branch  1 taken 0% (throw)
call    2 returned 100%
branch  3 taken 100% (fallthrough)
branch  4 taken 0% (throw)
call    5 returned 100%
call    6 returned 100%
branch  7 taken 0% (fallthrough)
branch  8 taken 100%
branch  9 never executed
branch 10 never executed
call   11 never executed
branch 12 never executed
branch 13 never executed
call   14 never executed
branch 15 never executed
branch 16 never executed
call   17 never executed
branch 18 never executed
branch 19 never executed
call   20 never executed
branch 21 never executed
branch 22 never executed
call   23 never executed
branch 24 never executed
branch 25 never executed
call   26 never executed
branch 27 taken 100% (fallthrough)
branch 28 taken 0% (throw)
call   29 returned 100%
branch 30 taken 100%
branch 31 taken 0%
branch 32 taken 100% (fallthrough)
branch 33 taken 0% (throw)
call   34 returned 100%
branch 35 taken 100%
branch 36 taken 0%
call   37 never executed
call   38 never executed
call   39 never executed
call   40 never executed
call   41 never executed
call   42 returned 100%
branch 43 taken 100% (fallthrough)
branch 44 taken 0% (throw)
call   45 returned 100%
call   46 returned 100%
branch 47 taken 0% (fallthrough)
branch 48 taken 100%
branch 49 never executed
branch 50 never executed
call   51 never executed
branch 52 never executed
branch 53 never executed
call   54 never executed
branch 55 never executed
branch 56 never executed
call   57 never executed
branch 58 never executed
branch 59 never executed
call   60 never executed
branch 61 never executed
branch 62 never executed
call   63 never executed
branch 64 never executed
branch 65 never executed
call   66 never executed
branch 67 taken 100% (fallthrough)
branch 68 taken 0% (throw)
call   69 returned 100%
branch 70 taken 100%
branch 71 taken 0%
call   72 returned 100%
branch 73 taken 100%
branch 74 taken 0%
call   75 never executed
call   76 never executed
call   77 never executed
call   78 never executed
call   79 never executed
        -:  148:}
        -:  149:
function _ZN25TestGraph_Add_Edge_3_TestIN5boost14adjacency_listINS0_4setSENS0_4vecSENS0_9directedSENS0_11no_propertyES5_S5_NS0_5listSEEEE8TestBodyEv called 2 returned 100% blocks executed 44%
function _ZN25TestGraph_Add_Edge_3_TestI5GraphE8TestBodyEv called 2 returned 100% blocks executed 45%
function _ZN25TestGraph_Add_Edge_3_TestIN5boost14adjacency_listINS0_4setSENS0_4vecSENS0_9directedSENS0_11no_propertyES5_S5_NS0_5listSEEEED0Ev called 2 returned 100% blocks executed 100%
function _ZN25TestGraph_Add_Edge_3_TestIN5boost14adjacency_listINS0_4setSENS0_4vecSENS0_9directedSENS0_11no_propertyES5_S5_NS0_5listSEEEED2Ev called 2 returned 100% blocks executed 75%
function _ZN25TestGraph_Add_Edge_3_TestI5GraphED0Ev called 2 returned 100% blocks executed 100%
function _ZN25TestGraph_Add_Edge_3_TestI5GraphED2Ev called 2 returned 100% blocks executed 75%
function _ZN25TestGraph_Add_Edge_3_TestIN5boost14adjacency_listINS0_4setSENS0_4vecSENS0_9directedSENS0_11no_propertyES5_S5_NS0_5listSEEEEC2Ev called 2 returned 100% blocks executed 100%
function _ZN25TestGraph_Add_Edge_3_TestI5GraphEC2Ev called 2 returned 100% blocks executed 100%
       18:  150:TYPED_TEST(TestGraph, Add_Edge_3) {
call    0 returned 100%
call    1 returned 100%
call    2 returned 100%
branch  3 taken 0% (fallthrough)
branch  4 taken 100%
call    5 never executed
call    6 returned 100%
call    7 returned 100%
call    8 returned 100%
branch  9 taken 0% (fallthrough)
branch 10 taken 100%
call   11 never executed
call   12 returned 100%
call   13 returned 100%
call   14 returned 100%
        -:  151:    ALL_OF_THIS;
        4:  152:    graph_type g;
branch  0 taken 100% (fallthrough)
branch  1 taken 0% (throw)
call    2 returned 100%
branch  3 taken 100% (fallthrough)
branch  4 taken 0% (throw)
call    5 returned 100%
        -:  153:
        4:  154:    vertex_descriptor vdA = add_vertex(g);
branch  0 taken 100% (fallthrough)
branch  1 taken 0% (throw)
call    2 returned 100%
branch  3 taken 100% (fallthrough)
branch  4 taken 0% (throw)
call    5 returned 100%
        4:  155:    vertex_descriptor vdB = add_vertex(g);
branch  0 taken 100% (fallthrough)
branch  1 taken 0% (throw)
call    2 returned 100%
branch  3 taken 100% (fallthrough)
branch  4 taken 0% (throw)
call    5 returned 100%
        4:  156:    add_edge(vdA, vdB, g);
branch  0 taken 100% (fallthrough)
branch  1 taken 0% (throw)
call    2 returned 100%
branch  3 taken 100% (fallthrough)
branch  4 taken 0% (throw)
call    5 returned 100%
        4:  157:    add_edge(vdB, vdA, g);
branch  0 taken 100% (fallthrough)
branch  1 taken 0% (throw)
call    2 returned 100%
branch  3 taken 100% (fallthrough)
branch  4 taken 0% (throw)
call    5 returned 100%
        4:  158:    ASSERT_EQ(num_edges(g), 2);
branch  0 taken 100% (fallthrough)
branch  1 taken 0% (throw)
call    2 returned 100%
branch  3 taken 100% (fallthrough)
branch  4 taken 0% (throw)
call    5 returned 100%
call    6 returned 100%
branch  7 taken 0% (fallthrough)
branch  8 taken 100%
branch  9 never executed
branch 10 never executed
call   11 never executed
branch 12 never executed
branch 13 never executed
call   14 never executed
branch 15 never executed
branch 16 never executed
call   17 never executed
branch 18 never executed
branch 19 never executed
call   20 never executed
branch 21 never executed
branch 22 never executed
call   23 never executed
branch 24 never executed
branch 25 never executed
call   26 never executed
branch 27 taken 100% (fallthrough)
branch 28 taken 0% (throw)
call   29 returned 100%
branch 30 taken 100%
branch 31 taken 0%
branch 32 taken 100% (fallthrough)
branch 33 taken 0% (throw)
call   34 returned 100%
branch 35 taken 100%
branch 36 taken 0%
call   37 never executed
call   38 never executed
call   39 never executed
call   40 never executed
call   41 never executed
call   42 returned 100%
branch 43 taken 100% (fallthrough)
branch 44 taken 0% (throw)
call   45 returned 100%
call   46 returned 100%
branch 47 taken 0% (fallthrough)
branch 48 taken 100%
branch 49 never executed
branch 50 never executed
call   51 never executed
branch 52 never executed
branch 53 never executed
call   54 never executed
branch 55 never executed
branch 56 never executed
call   57 never executed
branch 58 never executed
branch 59 never executed
call   60 never executed
branch 61 never executed
branch 62 never executed
call   63 never executed
branch 64 never executed
branch 65 never executed
call   66 never executed
branch 67 taken 100% (fallthrough)
branch 68 taken 0% (throw)
call   69 returned 100%
branch 70 taken 100%
branch 71 taken 0%
call   72 returned 100%
branch 73 taken 100%
branch 74 taken 0%
call   75 never executed
call   76 never executed
call   77 never executed
call   78 never executed
call   79 never executed
        -:  159:}
        -:  160:
function _ZN25TestGraph_Add_Edge_4_TestIN5boost14adjacency_listINS0_4setSENS0_4vecSENS0_9directedSENS0_11no_propertyES5_S5_NS0_5listSEEEE8TestBodyEv called 2 returned 100% blocks executed 51%
function _ZN25TestGraph_Add_Edge_4_TestI5GraphE8TestBodyEv called 2 returned 100% blocks executed 52%
function _ZN25TestGraph_Add_Edge_4_TestIN5boost14adjacency_listINS0_4setSENS0_4vecSENS0_9directedSENS0_11no_propertyES5_S5_NS0_5listSEEEED0Ev called 2 returned 100% blocks executed 100%
function _ZN25TestGraph_Add_Edge_4_TestIN5boost14adjacency_listINS0_4setSENS0_4vecSENS0_9directedSENS0_11no_propertyES5_S5_NS0_5listSEEEED2Ev called 2 returned 100% blocks executed 75%
function _ZN25TestGraph_Add_Edge_4_TestI5GraphED0Ev called 2 returned 100% blocks executed 100%
function _ZN25TestGraph_Add_Edge_4_TestI5GraphED2Ev called 2 returned 100% blocks executed 75%
function _ZN25TestGraph_Add_Edge_4_TestIN5boost14adjacency_listINS0_4setSENS0_4vecSENS0_9directedSENS0_11no_propertyES5_S5_NS0_5listSEEEEC2Ev called 2 returned 100% blocks executed 100%
function _ZN25TestGraph_Add_Edge_4_TestI5GraphEC2Ev called 2 returned 100% blocks executed 100%
       18:  161:TYPED_TEST(TestGraph, Add_Edge_4) {
call    0 returned 100%
call    1 returned 100%
call    2 returned 100%
branch  3 taken 0% (fallthrough)
branch  4 taken 100%
call    5 never executed
call    6 returned 100%
call    7 returned 100%
call    8 returned 100%
branch  9 taken 0% (fallthrough)
branch 10 taken 100%
call   11 never executed
call   12 returned 100%
call   13 returned 100%
call   14 returned 100%
        -:  162:    ALL_OF_THIS;
        4:  163:    graph_type g;
branch  0 taken 100% (fallthrough)
branch  1 taken 0% (throw)
call    2 returned 100%
branch  3 taken 100% (fallthrough)
branch  4 taken 0% (throw)
call    5 returned 100%
        -:  164:
        4:  165:    vertex_descriptor vdA = add_vertex(g);
branch  0 taken 100% (fallthrough)
branch  1 taken 0% (throw)
call    2 returned 100%
branch  3 taken 100% (fallthrough)
branch  4 taken 0% (throw)
call    5 returned 100%
        4:  166:    vertex_descriptor vdB = add_vertex(g);
branch  0 taken 100% (fallthrough)
branch  1 taken 0% (throw)
call    2 returned 100%
branch  3 taken 100% (fallthrough)
branch  4 taken 0% (throw)
call    5 returned 100%
        4:  167:    vertex_descriptor vdC = add_vertex(g);
branch  0 taken 100% (fallthrough)
branch  1 taken 0% (throw)
call    2 returned 100%
branch  3 taken 100% (fallthrough)
branch  4 taken 0% (throw)
call    5 returned 100%
        4:  168:    vertex_descriptor vdD = add_vertex(g);
branch  0 taken 100% (fallthrough)
branch  1 taken 0% (throw)
call    2 returned 100%
branch  3 taken 100% (fallthrough)
branch  4 taken 0% (throw)
call    5 returned 100%
        4:  169:    add_edge(vdA, vdB, g);
branch  0 taken 100% (fallthrough)
branch  1 taken 0% (throw)
call    2 returned 100%
branch  3 taken 100% (fallthrough)
branch  4 taken 0% (throw)
call    5 returned 100%
        4:  170:    add_edge(vdA, vdB, g);
branch  0 taken 100% (fallthrough)
branch  1 taken 0% (throw)
call    2 returned 100%
branch  3 taken 100% (fallthrough)
branch  4 taken 0% (throw)
call    5 returned 100%
        4:  171:    add_edge(vdA, vdC, g);
branch  0 taken 100% (fallthrough)
branch  1 taken 0% (throw)
call    2 returned 100%
branch  3 taken 100% (fallthrough)
branch  4 taken 0% (throw)
call    5 returned 100%
        4:  172:    add_edge(vdA, vdD, g);
branch  0 taken 100% (fallthrough)
branch  1 taken 0% (throw)
call    2 returned 100%
branch  3 taken 100% (fallthrough)
branch  4 taken 0% (throw)
call    5 returned 100%
        4:  173:    add_edge(vdB, vdA, g);
branch  0 taken 100% (fallthrough)
branch  1 taken 0% (throw)
call    2 returned 100%
branch  3 taken 100% (fallthrough)
branch  4 taken 0% (throw)
call    5 returned 100%
        4:  174:    add_edge(vdC, vdA, g);
branch  0 taken 100% (fallthrough)
branch  1 taken 0% (throw)
call    2 returned 100%
branch  3 taken 100% (fallthrough)
branch  4 taken 0% (throw)
call    5 returned 100%
        4:  175:    ASSERT_EQ(num_edges(g), 5);
branch  0 taken 100% (fallthrough)
branch  1 taken 0% (throw)
call    2 returned 100%
branch  3 taken 100% (fallthrough)
branch  4 taken 0% (throw)
call    5 returned 100%
call    6 returned 100%
branch  7 taken 0% (fallthrough)
branch  8 taken 100%
branch  9 never executed
branch 10 never executed
call   11 never executed
branch 12 never executed
branch 13 never executed
call   14 never executed
branch 15 never executed
branch 16 never executed
call   17 never executed
branch 18 never executed
branch 19 never executed
call   20 never executed
branch 21 never executed
branch 22 never executed
call   23 never executed
branch 24 never executed
branch 25 never executed
call   26 never executed
branch 27 taken 100% (fallthrough)
branch 28 taken 0% (throw)
call   29 returned 100%
branch 30 taken 100%
branch 31 taken 0%
branch 32 taken 100% (fallthrough)
branch 33 taken 0% (throw)
call   34 returned 100%
branch 35 taken 100%
branch 36 taken 0%
call   37 never executed
call   38 never executed
call   39 never executed
call   40 never executed
call   41 never executed
call   42 returned 100%
branch 43 taken 100% (fallthrough)
branch 44 taken 0% (throw)
call   45 returned 100%
call   46 returned 100%
branch 47 taken 0% (fallthrough)
branch 48 taken 100%
branch 49 never executed
branch 50 never executed
call   51 never executed
branch 52 never executed
branch 53 never executed
call   54 never executed
branch 55 never executed
branch 56 never executed
call   57 never executed
branch 58 never executed
branch 59 never executed
call   60 never executed
branch 61 never executed
branch 62 never executed
call   63 never executed
branch 64 never executed
branch 65 never executed
call   66 never executed
branch 67 taken 100% (fallthrough)
branch 68 taken 0% (throw)
call   69 returned 100%
branch 70 taken 100%
branch 71 taken 0%
call   72 returned 100%
branch 73 taken 100%
branch 74 taken 0%
call   75 never executed
call   76 never executed
call   77 never executed
call   78 never executed
call   79 never executed
        -:  176:}
        -:  177:
function _ZN25TestGraph_Add_Edge_5_TestIN5boost14adjacency_listINS0_4setSENS0_4vecSENS0_9directedSENS0_11no_propertyES5_S5_NS0_5listSEEEE8TestBodyEv called 2 returned 100% blocks executed 33%
function _ZN25TestGraph_Add_Edge_5_TestI5GraphE8TestBodyEv called 2 returned 100% blocks executed 34%
function _ZN25TestGraph_Add_Edge_5_TestIN5boost14adjacency_listINS0_4setSENS0_4vecSENS0_9directedSENS0_11no_propertyES5_S5_NS0_5listSEEEED0Ev called 2 returned 100% blocks executed 100%
function _ZN25TestGraph_Add_Edge_5_TestIN5boost14adjacency_listINS0_4setSENS0_4vecSENS0_9directedSENS0_11no_propertyES5_S5_NS0_5listSEEEED2Ev called 2 returned 100% blocks executed 75%
function _ZN25TestGraph_Add_Edge_5_TestI5GraphED0Ev called 2 returned 100% blocks executed 100%
function _ZN25TestGraph_Add_Edge_5_TestI5GraphED2Ev called 2 returned 100% blocks executed 75%
function _ZN25TestGraph_Add_Edge_5_TestIN5boost14adjacency_listINS0_4setSENS0_4vecSENS0_9directedSENS0_11no_propertyES5_S5_NS0_5listSEEEEC2Ev called 2 returned 100% blocks executed 100%
function _ZN25TestGraph_Add_Edge_5_TestI5GraphEC2Ev called 2 returned 100% blocks executed 100%
       18:  178:TYPED_TEST(TestGraph, Add_Edge_5) {
call    0 returned 100%
call    1 returned 100%
call    2 returned 100%
branch  3 taken 0% (fallthrough)
branch  4 taken 100%
call    5 never executed
call    6 returned 100%
call    7 returned 100%
call    8 returned 100%
branch  9 taken 0% (fallthrough)
branch 10 taken 100%
call   11 never executed
call   12 returned 100%
call   13 returned 100%
call   14 returned 100%
        -:  179:    ALL_OF_THIS;
        4:  180:    graph_type g;
branch  0 taken 100% (fallthrough)
branch  1 taken 0% (throw)
call    2 returned 100%
branch  3 taken 100% (fallthrough)
branch  4 taken 0% (throw)
call    5 returned 100%
        -:  181:
        -:  182:    using namespace std;
        4:  183:    vertex_descriptor vdA = add_vertex(g);
branch  0 taken 100% (fallthrough)
branch  1 taken 0% (throw)
call    2 returned 100%
branch  3 taken 100% (fallthrough)
branch  4 taken 0% (throw)
call    5 returned 100%
        4:  184:    ASSERT_TRUE(add_edge(vdA, vdA, g).second);
branch  0 taken 100% (fallthrough)
branch  1 taken 0% (throw)
call    2 returned 100%
branch  3 taken 100% (fallthrough)
branch  4 taken 0% (throw)
call    5 returned 100%
call    6 returned 100%
branch  7 taken 0% (fallthrough)
branch  8 taken 100%
branch  9 never executed
branch 10 never executed
call   11 never executed
branch 12 never executed
branch 13 never executed
call   14 never executed
call   15 never executed
branch 16 never executed
branch 17 never executed
call   18 never executed
branch 19 never executed
branch 20 never executed
call   21 never executed
branch 22 never executed
branch 23 never executed
call   24 never executed
call   25 never executed
branch 26 never executed
branch 27 never executed
call   28 never executed
branch 29 taken 100% (fallthrough)
branch 30 taken 0% (throw)
call   31 returned 100%
branch 32 taken 100%
branch 33 taken 0%
call   34 never executed
call   35 never executed
call   36 never executed
call   37 never executed
branch 38 taken 100% (fallthrough)
branch 39 taken 0% (throw)
call   40 returned 100%
branch 41 taken 100% (fallthrough)
branch 42 taken 0% (throw)
call   43 returned 100%
call   44 returned 100%
branch 45 taken 0% (fallthrough)
branch 46 taken 100%
branch 47 never executed
branch 48 never executed
call   49 never executed
branch 50 never executed
branch 51 never executed
call   52 never executed
call   53 never executed
branch 54 never executed
branch 55 never executed
call   56 never executed
branch 57 never executed
branch 58 never executed
call   59 never executed
branch 60 never executed
branch 61 never executed
call   62 never executed
call   63 never executed
branch 64 never executed
branch 65 never executed
call   66 never executed
branch 67 taken 100% (fallthrough)
branch 68 taken 0% (throw)
call   69 returned 100%
branch 70 taken 100%
branch 71 taken 0%
call   72 never executed
call   73 never executed
call   74 never executed
call   75 never executed
        4:  185:    ASSERT_EQ(num_edges(g), 1);
branch  0 taken 100% (fallthrough)
branch  1 taken 0% (throw)
call    2 returned 100%
branch  3 taken 100% (fallthrough)
branch  4 taken 0% (throw)
call    5 returned 100%
call    6 returned 100%
branch  7 taken 0% (fallthrough)
branch  8 taken 100%
branch  9 never executed
branch 10 never executed
call   11 never executed
branch 12 never executed
branch 13 never executed
call   14 never executed
branch 15 never executed
branch 16 never executed
call   17 never executed
branch 18 never executed
branch 19 never executed
call   20 never executed
branch 21 never executed
branch 22 never executed
call   23 never executed
branch 24 never executed
branch 25 never executed
call   26 never executed
branch 27 taken 100% (fallthrough)
branch 28 taken 0% (throw)
call   29 returned 100%
branch 30 taken 100%
branch 31 taken 0%
branch 32 taken 100% (fallthrough)
branch 33 taken 0% (throw)
call   34 returned 100%
branch 35 taken 100%
branch 36 taken 0%
call   37 never executed
call   38 never executed
call   39 never executed
call   40 never executed
call   41 never executed
call   42 returned 100%
branch 43 taken 100% (fallthrough)
branch 44 taken 0% (throw)
call   45 returned 100%
call   46 returned 100%
branch 47 taken 0% (fallthrough)
branch 48 taken 100%
branch 49 never executed
branch 50 never executed
call   51 never executed
branch 52 never executed
branch 53 never executed
call   54 never executed
branch 55 never executed
branch 56 never executed
call   57 never executed
branch 58 never executed
branch 59 never executed
call   60 never executed
branch 61 never executed
branch 62 never executed
call   63 never executed
branch 64 never executed
branch 65 never executed
call   66 never executed
branch 67 taken 100% (fallthrough)
branch 68 taken 0% (throw)
call   69 returned 100%
branch 70 taken 100%
branch 71 taken 0%
call   72 returned 100%
branch 73 taken 100%
branch 74 taken 0%
call   75 never executed
call   76 never executed
call   77 never executed
call   78 never executed
call   79 never executed
        -:  186:}
        -:  187:
        -:  188:
function _ZN27TestGraph_Add_Vertex_1_TestIN5boost14adjacency_listINS0_4setSENS0_4vecSENS0_9directedSENS0_11no_propertyES5_S5_NS0_5listSEEEE8TestBodyEv called 2 returned 100% blocks executed 39%
function _ZN27TestGraph_Add_Vertex_1_TestI5GraphE8TestBodyEv called 2 returned 100% blocks executed 40%
function _ZN27TestGraph_Add_Vertex_1_TestIN5boost14adjacency_listINS0_4setSENS0_4vecSENS0_9directedSENS0_11no_propertyES5_S5_NS0_5listSEEEED0Ev called 2 returned 100% blocks executed 100%
function _ZN27TestGraph_Add_Vertex_1_TestIN5boost14adjacency_listINS0_4setSENS0_4vecSENS0_9directedSENS0_11no_propertyES5_S5_NS0_5listSEEEED2Ev called 2 returned 100% blocks executed 75%
function _ZN27TestGraph_Add_Vertex_1_TestI5GraphED0Ev called 2 returned 100% blocks executed 100%
function _ZN27TestGraph_Add_Vertex_1_TestI5GraphED2Ev called 2 returned 100% blocks executed 75%
function _ZN27TestGraph_Add_Vertex_1_TestIN5boost14adjacency_listINS0_4setSENS0_4vecSENS0_9directedSENS0_11no_propertyES5_S5_NS0_5listSEEEEC2Ev called 2 returned 100% blocks executed 100%
function _ZN27TestGraph_Add_Vertex_1_TestI5GraphEC2Ev called 2 returned 100% blocks executed 100%
       18:  189:TYPED_TEST(TestGraph, Add_Vertex_1) {
call    0 returned 100%
call    1 returned 100%
call    2 returned 100%
branch  3 taken 0% (fallthrough)
branch  4 taken 100%
call    5 never executed
call    6 returned 100%
call    7 returned 100%
call    8 returned 100%
branch  9 taken 0% (fallthrough)
branch 10 taken 100%
call   11 never executed
call   12 returned 100%
call   13 returned 100%
call   14 returned 100%
        -:  190:    ALL_OF_THIS;
        4:  191:    graph_type g;
branch  0 taken 100% (fallthrough)
branch  1 taken 0% (throw)
call    2 returned 100%
branch  3 taken 100% (fallthrough)
branch  4 taken 0% (throw)
call    5 returned 100%
        -:  192:
        4:  193:    vertex_descriptor vdA = add_vertex(g);
branch  0 taken 100% (fallthrough)
branch  1 taken 0% (throw)
call    2 returned 100%
branch  3 taken 100% (fallthrough)
branch  4 taken 0% (throw)
call    5 returned 100%
        4:  194:    ASSERT_EQ(num_vertices(g), 1);
branch  0 taken 100% (fallthrough)
branch  1 taken 0% (throw)
call    2 returned 100%
branch  3 taken 100% (fallthrough)
branch  4 taken 0% (throw)
call    5 returned 100%
call    6 returned 100%
branch  7 taken 0% (fallthrough)
branch  8 taken 100%
branch  9 never executed
branch 10 never executed
call   11 never executed
branch 12 never executed
branch 13 never executed
call   14 never executed
branch 15 never executed
branch 16 never executed
call   17 never executed
branch 18 never executed
branch 19 never executed
call   20 never executed
branch 21 never executed
branch 22 never executed
call   23 never executed
branch 24 never executed
branch 25 never executed
call   26 never executed
branch 27 taken 100% (fallthrough)
branch 28 taken 0% (throw)
call   29 returned 100%
branch 30 taken 100%
branch 31 taken 0%
branch 32 taken 100% (fallthrough)
branch 33 taken 0% (throw)
call   34 returned 100%
branch 35 taken 100%
branch 36 taken 0%
call   37 never executed
call   38 never executed
call   39 never executed
call   40 never executed
call   41 never executed
call   42 returned 100%
branch 43 taken 100% (fallthrough)
branch 44 taken 0% (throw)
call   45 returned 100%
call   46 returned 100%
branch 47 taken 0% (fallthrough)
branch 48 taken 100%
branch 49 never executed
branch 50 never executed
call   51 never executed
branch 52 never executed
branch 53 never executed
call   54 never executed
branch 55 never executed
branch 56 never executed
call   57 never executed
branch 58 never executed
branch 59 never executed
call   60 never executed
branch 61 never executed
branch 62 never executed
call   63 never executed
branch 64 never executed
branch 65 never executed
call   66 never executed
branch 67 taken 100% (fallthrough)
branch 68 taken 0% (throw)
call   69 returned 100%
branch 70 taken 100%
branch 71 taken 0%
call   72 returned 100%
branch 73 taken 100%
branch 74 taken 0%
call   75 never executed
call   76 never executed
call   77 never executed
call   78 never executed
call   79 never executed
        -:  195:}
        -:  196:
function _ZN27TestGraph_Add_Vertex_2_TestIN5boost14adjacency_listINS0_4setSENS0_4vecSENS0_9directedSENS0_11no_propertyES5_S5_NS0_5listSEEEE8TestBodyEv called 2 returned 100% blocks executed 48%
function _ZN27TestGraph_Add_Vertex_2_TestI5GraphE8TestBodyEv called 2 returned 100% blocks executed 49%
function _ZN27TestGraph_Add_Vertex_2_TestIN5boost14adjacency_listINS0_4setSENS0_4vecSENS0_9directedSENS0_11no_propertyES5_S5_NS0_5listSEEEED0Ev called 2 returned 100% blocks executed 100%
function _ZN27TestGraph_Add_Vertex_2_TestIN5boost14adjacency_listINS0_4setSENS0_4vecSENS0_9directedSENS0_11no_propertyES5_S5_NS0_5listSEEEED2Ev called 2 returned 100% blocks executed 75%
function _ZN27TestGraph_Add_Vertex_2_TestI5GraphED0Ev called 2 returned 100% blocks executed 100%
function _ZN27TestGraph_Add_Vertex_2_TestI5GraphED2Ev called 2 returned 100% blocks executed 75%
function _ZN27TestGraph_Add_Vertex_2_TestIN5boost14adjacency_listINS0_4setSENS0_4vecSENS0_9directedSENS0_11no_propertyES5_S5_NS0_5listSEEEEC2Ev called 2 returned 100% blocks executed 100%
function _ZN27TestGraph_Add_Vertex_2_TestI5GraphEC2Ev called 2 returned 100% blocks executed 100%
       18:  197:TYPED_TEST(TestGraph, Add_Vertex_2) {
call    0 returned 100%
call    1 returned 100%
call    2 returned 100%
branch  3 taken 0% (fallthrough)
branch  4 taken 100%
call    5 never executed
call    6 returned 100%
call    7 returned 100%
call    8 returned 100%
branch  9 taken 0% (fallthrough)
branch 10 taken 100%
call   11 never executed
call   12 returned 100%
call   13 returned 100%
call   14 returned 100%
        -:  198:    ALL_OF_THIS;
        4:  199:    graph_type g;
branch  0 taken 100% (fallthrough)
branch  1 taken 0% (throw)
call    2 returned 100%
branch  3 taken 100% (fallthrough)
branch  4 taken 0% (throw)
call    5 returned 100%
        -:  200:
        4:  201:    add_vertex(g);
branch  0 taken 100% (fallthrough)
branch  1 taken 0% (throw)
call    2 returned 100%
branch  3 taken 100% (fallthrough)
branch  4 taken 0% (throw)
call    5 returned 100%
        4:  202:    add_vertex(g);
branch  0 taken 100% (fallthrough)
branch  1 taken 0% (throw)
call    2 returned 100%
branch  3 taken 100% (fallthrough)
branch  4 taken 0% (throw)
call    5 returned 100%
        4:  203:    add_vertex(g);
branch  0 taken 100% (fallthrough)
branch  1 taken 0% (throw)
call    2 returned 100%
branch  3 taken 100% (fallthrough)
branch  4 taken 0% (throw)
call    5 returned 100%
        4:  204:    add_vertex(g);
branch  0 taken 100% (fallthrough)
branch  1 taken 0% (throw)
call    2 returned 100%
branch  3 taken 100% (fallthrough)
branch  4 taken 0% (throw)
call    5 returned 100%
        4:  205:    add_vertex(g);
branch  0 taken 100% (fallthrough)
branch  1 taken 0% (throw)
call    2 returned 100%
branch  3 taken 100% (fallthrough)
branch  4 taken 0% (throw)
call    5 returned 100%
        4:  206:    add_vertex(g);
branch  0 taken 100% (fallthrough)
branch  1 taken 0% (throw)
call    2 returned 100%
branch  3 taken 100% (fallthrough)
branch  4 taken 0% (throw)
call    5 returned 100%
        4:  207:    add_vertex(g);
branch  0 taken 100% (fallthrough)
branch  1 taken 0% (throw)
call    2 returned 100%
branch  3 taken 100% (fallthrough)
branch  4 taken 0% (throw)
call    5 returned 100%
        4:  208:    ASSERT_EQ(num_vertices(g), 7);
branch  0 taken 100% (fallthrough)
branch  1 taken 0% (throw)
call    2 returned 100%
branch  3 taken 100% (fallthrough)
branch  4 taken 0% (throw)
call    5 returned 100%
call    6 returned 100%
branch  7 taken 0% (fallthrough)
branch  8 taken 100%
branch  9 never executed
branch 10 never executed
call   11 never executed
branch 12 never executed
branch 13 never executed
call   14 never executed
branch 15 never executed
branch 16 never executed
call   17 never executed
branch 18 never executed
branch 19 never executed
call   20 never executed
branch 21 never executed
branch 22 never executed
call   23 never executed
branch 24 never executed
branch 25 never executed
call   26 never executed
branch 27 taken 100% (fallthrough)
branch 28 taken 0% (throw)
call   29 returned 100%
branch 30 taken 100%
branch 31 taken 0%
branch 32 taken 100% (fallthrough)
branch 33 taken 0% (throw)
call   34 returned 100%
branch 35 taken 100%
branch 36 taken 0%
call   37 never executed
call   38 never executed
call   39 never executed
call   40 never executed
call   41 never executed
call   42 returned 100%
branch 43 taken 100% (fallthrough)
branch 44 taken 0% (throw)
call   45 returned 100%
call   46 returned 100%
branch 47 taken 0% (fallthrough)
branch 48 taken 100%
branch 49 never executed
branch 50 never executed
call   51 never executed
branch 52 never executed
branch 53 never executed
call   54 never executed
branch 55 never executed
branch 56 never executed
call   57 never executed
branch 58 never executed
branch 59 never executed
call   60 never executed
branch 61 never executed
branch 62 never executed
call   63 never executed
branch 64 never executed
branch 65 never executed
call   66 never executed
branch 67 taken 100% (fallthrough)
branch 68 taken 0% (throw)
call   69 returned 100%
branch 70 taken 100%
branch 71 taken 0%
call   72 returned 100%
branch 73 taken 100%
branch 74 taken 0%
call   75 never executed
call   76 never executed
call   77 never executed
call   78 never executed
call   79 never executed
        -:  209:}
        -:  210:
function _ZN27TestGraph_Add_Vertex_3_TestIN5boost14adjacency_listINS0_4setSENS0_4vecSENS0_9directedSENS0_11no_propertyES5_S5_NS0_5listSEEEE8TestBodyEv called 2 returned 100% blocks executed 32%
function _ZN27TestGraph_Add_Vertex_3_TestI5GraphE8TestBodyEv called 2 returned 100% blocks executed 33%
function _ZN27TestGraph_Add_Vertex_3_TestIN5boost14adjacency_listINS0_4setSENS0_4vecSENS0_9directedSENS0_11no_propertyES5_S5_NS0_5listSEEEED0Ev called 2 returned 100% blocks executed 100%
function _ZN27TestGraph_Add_Vertex_3_TestIN5boost14adjacency_listINS0_4setSENS0_4vecSENS0_9directedSENS0_11no_propertyES5_S5_NS0_5listSEEEED2Ev called 2 returned 100% blocks executed 75%
function _ZN27TestGraph_Add_Vertex_3_TestI5GraphED0Ev called 2 returned 100% blocks executed 100%
function _ZN27TestGraph_Add_Vertex_3_TestI5GraphED2Ev called 2 returned 100% blocks executed 75%
function _ZN27TestGraph_Add_Vertex_3_TestIN5boost14adjacency_listINS0_4setSENS0_4vecSENS0_9directedSENS0_11no_propertyES5_S5_NS0_5listSEEEEC2Ev called 2 returned 100% blocks executed 100%
function _ZN27TestGraph_Add_Vertex_3_TestI5GraphEC2Ev called 2 returned 100% blocks executed 100%
       18:  211:TYPED_TEST(TestGraph, Add_Vertex_3) {
call    0 returned 100%
call    1 returned 100%
call    2 returned 100%
branch  3 taken 0% (fallthrough)
branch  4 taken 100%
call    5 never executed
call    6 returned 100%
call    7 returned 100%
call    8 returned 100%
branch  9 taken 0% (fallthrough)
branch 10 taken 100%
call   11 never executed
call   12 returned 100%
call   13 returned 100%
call   14 returned 100%
        -:  212:    ALL_OF_THIS;
        4:  213:    graph_type g;
branch  0 taken 100% (fallthrough)
branch  1 taken 0% (throw)
call    2 returned 100%
branch  3 taken 100% (fallthrough)
branch  4 taken 0% (throw)
call    5 returned 100%
        -:  214:
        4:  215:    vertex_descriptor vdA = add_vertex(g);
branch  0 taken 100% (fallthrough)
branch  1 taken 0% (throw)
call    2 returned 100%
branch  3 taken 100% (fallthrough)
branch  4 taken 0% (throw)
call    5 returned 100%
        4:  216:    ASSERT_EQ(vdA, 0);
branch  0 taken 100% (fallthrough)
branch  1 taken 0% (throw)
call    2 returned 100%
call    3 returned 100%
branch  4 taken 0% (fallthrough)
branch  5 taken 100%
branch  6 never executed
branch  7 never executed
call    8 never executed
branch  9 never executed
branch 10 never executed
call   11 never executed
branch 12 never executed
branch 13 never executed
call   14 never executed
branch 15 never executed
branch 16 never executed
call   17 never executed
branch 18 never executed
branch 19 never executed
call   20 never executed
branch 21 never executed
branch 22 never executed
call   23 never executed
branch 24 taken 100% (fallthrough)
branch 25 taken 0% (throw)
call   26 returned 100%
branch 27 taken 100%
branch 28 taken 0%
call   29 never executed
call   30 never executed
call   31 never executed
branch 32 taken 100% (fallthrough)
branch 33 taken 0% (throw)
call   34 returned 100%
call   35 returned 100%
branch 36 taken 0% (fallthrough)
branch 37 taken 100%
branch 38 never executed
branch 39 never executed
call   40 never executed
branch 41 never executed
branch 42 never executed
call   43 never executed
branch 44 never executed
branch 45 never executed
call   46 never executed
branch 47 never executed
branch 48 never executed
call   49 never executed
branch 50 never executed
branch 51 never executed
call   52 never executed
branch 53 never executed
branch 54 never executed
call   55 never executed
branch 56 taken 100% (fallthrough)
branch 57 taken 0% (throw)
call   58 returned 100%
branch 59 taken 100%
branch 60 taken 0%
call   61 never executed
call   62 never executed
call   63 never executed
        -:  217:   
        4:  218:    vertex_descriptor vdB = add_vertex(g);
branch  0 taken 100% (fallthrough)
branch  1 taken 0% (throw)
call    2 returned 100%
branch  3 taken 100% (fallthrough)
branch  4 taken 0% (throw)
call    5 returned 100%
        4:  219:    ASSERT_EQ(vdB, 1);
branch  0 taken 100% (fallthrough)
branch  1 taken 0% (throw)
call    2 returned 100%
call    3 returned 100%
branch  4 taken 0% (fallthrough)
branch  5 taken 100%
branch  6 never executed
branch  7 never executed
call    8 never executed
branch  9 never executed
branch 10 never executed
call   11 never executed
branch 12 never executed
branch 13 never executed
call   14 never executed
branch 15 never executed
branch 16 never executed
call   17 never executed
branch 18 never executed
branch 19 never executed
call   20 never executed
branch 21 never executed
branch 22 never executed
call   23 never executed
branch 24 taken 100% (fallthrough)
branch 25 taken 0% (throw)
call   26 returned 100%
branch 27 taken 100%
branch 28 taken 0%
call   29 never executed
call   30 never executed
call   31 never executed
branch 32 taken 100% (fallthrough)
branch 33 taken 0% (throw)
call   34 returned 100%
call   35 returned 100%
branch 36 taken 0% (fallthrough)
branch 37 taken 100%
branch 38 never executed
branch 39 never executed
call   40 never executed
branch 41 never executed
branch 42 never executed
call   43 never executed
branch 44 never executed
branch 45 never executed
call   46 never executed
branch 47 never executed
branch 48 never executed
call   49 never executed
branch 50 never executed
branch 51 never executed
call   52 never executed
branch 53 never executed
branch 54 never executed
call   55 never executed
branch 56 taken 100% (fallthrough)
branch 57 taken 0% (throw)
call   58 returned 100%
branch 59 taken 100%
branch 60 taken 0%
call   61 never executed
call   62 never executed
call   63 never executed
        -:  220:    
        4:  221:    vertex_descriptor vdC = add_vertex(g);
branch  0 taken 100% (fallthrough)
branch  1 taken 0% (throw)
call    2 returned 100%
branch  3 taken 100% (fallthrough)
branch  4 taken 0% (throw)
call    5 returned 100%
        4:  222:    ASSERT_EQ(vdC, 2);
branch  0 taken 100% (fallthrough)
branch  1 taken 0% (throw)
call    2 returned 100%
call    3 returned 100%
branch  4 taken 0% (fallthrough)
branch  5 taken 100%
branch  6 never executed
branch  7 never executed
call    8 never executed
branch  9 never executed
branch 10 never executed
call   11 never executed
branch 12 never executed
branch 13 never executed
call   14 never executed
branch 15 never executed
branch 16 never executed
call   17 never executed
branch 18 never executed
branch 19 never executed
call   20 never executed
branch 21 never executed
branch 22 never executed
call   23 never executed
branch 24 taken 100% (fallthrough)
branch 25 taken 0% (throw)
call   26 returned 100%
branch 27 taken 100%
branch 28 taken 0%
call   29 never executed
call   30 never executed
call   31 never executed
branch 32 taken 100% (fallthrough)
branch 33 taken 0% (throw)
call   34 returned 100%
call   35 returned 100%
branch 36 taken 0% (fallthrough)
branch 37 taken 100%
branch 38 never executed
branch 39 never executed
call   40 never executed
branch 41 never executed
branch 42 never executed
call   43 never executed
branch 44 never executed
branch 45 never executed
call   46 never executed
branch 47 never executed
branch 48 never executed
call   49 never executed
branch 50 never executed
branch 51 never executed
call   52 never executed
branch 53 never executed
branch 54 never executed
call   55 never executed
branch 56 taken 100% (fallthrough)
branch 57 taken 0% (throw)
call   58 returned 100%
branch 59 taken 100%
branch 60 taken 0%
call   61 never executed
call   62 never executed
call   63 never executed
        -:  223:    
        4:  224:    vertex_descriptor vdD = add_vertex(g);
branch  0 taken 100% (fallthrough)
branch  1 taken 0% (throw)
call    2 returned 100%
branch  3 taken 100% (fallthrough)
branch  4 taken 0% (throw)
call    5 returned 100%
        4:  225:    ASSERT_EQ(vdD, 3);
branch  0 taken 100% (fallthrough)
branch  1 taken 0% (throw)
call    2 returned 100%
call    3 returned 100%
branch  4 taken 0% (fallthrough)
branch  5 taken 100%
branch  6 never executed
branch  7 never executed
call    8 never executed
branch  9 never executed
branch 10 never executed
call   11 never executed
branch 12 never executed
branch 13 never executed
call   14 never executed
branch 15 never executed
branch 16 never executed
call   17 never executed
branch 18 never executed
branch 19 never executed
call   20 never executed
branch 21 never executed
branch 22 never executed
call   23 never executed
branch 24 taken 100% (fallthrough)
branch 25 taken 0% (throw)
call   26 returned 100%
branch 27 taken 100%
branch 28 taken 0%
call   29 never executed
call   30 never executed
call   31 never executed
branch 32 taken 100% (fallthrough)
branch 33 taken 0% (throw)
call   34 returned 100%
call   35 returned 100%
branch 36 taken 0% (fallthrough)
branch 37 taken 100%
branch 38 never executed
branch 39 never executed
call   40 never executed
branch 41 never executed
branch 42 never executed
call   43 never executed
branch 44 never executed
branch 45 never executed
call   46 never executed
branch 47 never executed
branch 48 never executed
call   49 never executed
branch 50 never executed
branch 51 never executed
call   52 never executed
branch 53 never executed
branch 54 never executed
call   55 never executed
branch 56 taken 100% (fallthrough)
branch 57 taken 0% (throw)
call   58 returned 100%
branch 59 taken 100%
branch 60 taken 0%
call   61 never executed
call   62 never executed
call   63 never executed
        -:  226:    
        4:  227:    ASSERT_EQ(num_vertices(g), 4);
branch  0 taken 100% (fallthrough)
branch  1 taken 0% (throw)
call    2 returned 100%
branch  3 taken 100% (fallthrough)
branch  4 taken 0% (throw)
call    5 returned 100%
call    6 returned 100%
branch  7 taken 0% (fallthrough)
branch  8 taken 100%
branch  9 never executed
branch 10 never executed
call   11 never executed
branch 12 never executed
branch 13 never executed
call   14 never executed
branch 15 never executed
branch 16 never executed
call   17 never executed
branch 18 never executed
branch 19 never executed
call   20 never executed
branch 21 never executed
branch 22 never executed
call   23 never executed
branch 24 never executed
branch 25 never executed
call   26 never executed
branch 27 taken 100% (fallthrough)
branch 28 taken 0% (throw)
call   29 returned 100%
branch 30 taken 100%
branch 31 taken 0%
branch 32 taken 100% (fallthrough)
branch 33 taken 0% (throw)
call   34 returned 100%
branch 35 taken 100%
branch 36 taken 0%
call   37 never executed
call   38 never executed
call   39 never executed
call   40 never executed
call   41 never executed
call   42 returned 100%
branch 43 taken 100% (fallthrough)
branch 44 taken 0% (throw)
call   45 returned 100%
call   46 returned 100%
branch 47 taken 0% (fallthrough)
branch 48 taken 100%
branch 49 never executed
branch 50 never executed
call   51 never executed
branch 52 never executed
branch 53 never executed
call   54 never executed
branch 55 never executed
branch 56 never executed
call   57 never executed
branch 58 never executed
branch 59 never executed
call   60 never executed
branch 61 never executed
branch 62 never executed
call   63 never executed
branch 64 never executed
branch 65 never executed
call   66 never executed
branch 67 taken 100% (fallthrough)
branch 68 taken 0% (throw)
call   69 returned 100%
branch 70 taken 100%
branch 71 taken 0%
call   72 returned 100%
branch 73 taken 100%
branch 74 taken 0%
call   75 never executed
call   76 never executed
call   77 never executed
call   78 never executed
call   79 never executed
        -:  228:}
        -:  229:
function _ZN21TestGraph_Edge_1_TestIN5boost14adjacency_listINS0_4setSENS0_4vecSENS0_9directedSENS0_11no_propertyES5_S5_NS0_5listSEEEE8TestBodyEv called 2 returned 100% blocks executed 37%
function _ZN21TestGraph_Edge_1_TestI5GraphE8TestBodyEv called 2 returned 100% blocks executed 38%
function _ZN21TestGraph_Edge_1_TestIN5boost14adjacency_listINS0_4setSENS0_4vecSENS0_9directedSENS0_11no_propertyES5_S5_NS0_5listSEEEED0Ev called 2 returned 100% blocks executed 100%
function _ZN21TestGraph_Edge_1_TestIN5boost14adjacency_listINS0_4setSENS0_4vecSENS0_9directedSENS0_11no_propertyES5_S5_NS0_5listSEEEED2Ev called 2 returned 100% blocks executed 75%
function _ZN21TestGraph_Edge_1_TestI5GraphED0Ev called 2 returned 100% blocks executed 100%
function _ZN21TestGraph_Edge_1_TestI5GraphED2Ev called 2 returned 100% blocks executed 75%
function _ZN21TestGraph_Edge_1_TestIN5boost14adjacency_listINS0_4setSENS0_4vecSENS0_9directedSENS0_11no_propertyES5_S5_NS0_5listSEEEEC2Ev called 2 returned 100% blocks executed 100%
function _ZN21TestGraph_Edge_1_TestI5GraphEC2Ev called 2 returned 100% blocks executed 100%
       18:  230:TYPED_TEST(TestGraph, Edge_1){
call    0 returned 100%
call    1 returned 100%
call    2 returned 100%
branch  3 taken 0% (fallthrough)
branch  4 taken 100%
call    5 never executed
call    6 returned 100%
call    7 returned 100%
call    8 returned 100%
branch  9 taken 0% (fallthrough)
branch 10 taken 100%
call   11 never executed
call   12 returned 100%
call   13 returned 100%
call   14 returned 100%
        -:  231:    ALL_OF_THIS;
        4:  232:    graph_type g;
branch  0 taken 100% (fallthrough)
branch  1 taken 0% (throw)
call    2 returned 100%
branch  3 taken 100% (fallthrough)
branch  4 taken 0% (throw)
call    5 returned 100%
        -:  233:
        4:  234:    vertex_descriptor vdA = add_vertex(g);
branch  0 taken 100% (fallthrough)
branch  1 taken 0% (throw)
call    2 returned 100%
branch  3 taken 100% (fallthrough)
branch  4 taken 0% (throw)
call    5 returned 100%
        4:  235:    vertex_descriptor vdB = add_vertex(g);
branch  0 taken 100% (fallthrough)
branch  1 taken 0% (throw)
call    2 returned 100%
branch  3 taken 100% (fallthrough)
branch  4 taken 0% (throw)
call    5 returned 100%
        4:  236:    vertex_descriptor vdC = add_vertex(g);
branch  0 taken 100% (fallthrough)
branch  1 taken 0% (throw)
call    2 returned 100%
branch  3 taken 100% (fallthrough)
branch  4 taken 0% (throw)
call    5 returned 100%
        -:  237:
        4:  238:    edge_descriptor edAB = add_edge(vdA, vdB, g).first;
branch  0 taken 100% (fallthrough)
branch  1 taken 0% (throw)
call    2 returned 100%
branch  3 taken 100% (fallthrough)
branch  4 taken 0% (throw)
call    5 returned 100%
        4:  239:    ASSERT_TRUE(edge(vdA, vdB, g).second);
branch  0 taken 100% (fallthrough)
branch  1 taken 0% (throw)
call    2 returned 100%
branch  3 taken 100% (fallthrough)
branch  4 taken 0% (throw)
call    5 returned 100%
call    6 returned 100%
branch  7 taken 0% (fallthrough)
branch  8 taken 100%
branch  9 never executed
branch 10 never executed
call   11 never executed
branch 12 never executed
branch 13 never executed
call   14 never executed
call   15 never executed
branch 16 never executed
branch 17 never executed
call   18 never executed
branch 19 never executed
branch 20 never executed
call   21 never executed
branch 22 never executed
branch 23 never executed
call   24 never executed
call   25 never executed
branch 26 never executed
branch 27 never executed
call   28 never executed
branch 29 taken 100% (fallthrough)
branch 30 taken 0% (throw)
call   31 returned 100%
branch 32 taken 100%
branch 33 taken 0%
call   34 never executed
call   35 never executed
call   36 never executed
call   37 never executed
branch 38 taken 100% (fallthrough)
branch 39 taken 0% (throw)
call   40 returned 100%
branch 41 taken 100% (fallthrough)
branch 42 taken 0% (throw)
call   43 returned 100%
call   44 returned 100%
branch 45 taken 0% (fallthrough)
branch 46 taken 100%
branch 47 never executed
branch 48 never executed
call   49 never executed
branch 50 never executed
branch 51 never executed
call   52 never executed
call   53 never executed
branch 54 never executed
branch 55 never executed
call   56 never executed
branch 57 never executed
branch 58 never executed
call   59 never executed
branch 60 never executed
branch 61 never executed
call   62 never executed
call   63 never executed
branch 64 never executed
branch 65 never executed
call   66 never executed
branch 67 taken 100% (fallthrough)
branch 68 taken 0% (throw)
call   69 returned 100%
branch 70 taken 100%
branch 71 taken 0%
call   72 never executed
call   73 never executed
call   74 never executed
call   75 never executed
        4:  240:    ASSERT_EQ(edAB, edge(vdA, vdB, g).first);
branch  0 taken 100% (fallthrough)
branch  1 taken 0% (throw)
call    2 returned 100%
branch  3 taken 100% (fallthrough)
branch  4 taken 0% (throw)
call    5 returned 100%
call    6 returned 100%
branch  7 taken 0% (fallthrough)
branch  8 taken 100%
branch  9 never executed
branch 10 never executed
call   11 never executed
branch 12 never executed
branch 13 never executed
call   14 never executed
branch 15 never executed
branch 16 never executed
call   17 never executed
branch 18 never executed
branch 19 never executed
call   20 never executed
branch 21 never executed
branch 22 never executed
call   23 never executed
branch 24 never executed
branch 25 never executed
call   26 never executed
branch 27 taken 100% (fallthrough)
branch 28 taken 0% (throw)
call   29 returned 100%
branch 30 taken 100%
branch 31 taken 0%
branch 32 taken 100% (fallthrough)
branch 33 taken 0% (throw)
call   34 returned 100%
branch 35 taken 100%
branch 36 taken 0%
call   37 never executed
call   38 never executed
call   39 never executed
call   40 never executed
call   41 never executed
branch 42 taken 100% (fallthrough)
branch 43 taken 0% (throw)
call   44 returned 100%
branch 45 taken 100% (fallthrough)
branch 46 taken 0% (throw)
call   47 returned 100%
call   48 returned 100%
branch 49 taken 0% (fallthrough)
branch 50 taken 100%
branch 51 never executed
branch 52 never executed
call   53 never executed
branch 54 never executed
branch 55 never executed
call   56 never executed
branch 57 never executed
branch 58 never executed
call   59 never executed
branch 60 never executed
branch 61 never executed
call   62 never executed
branch 63 never executed
branch 64 never executed
call   65 never executed
branch 66 never executed
branch 67 never executed
call   68 never executed
branch 69 taken 100% (fallthrough)
branch 70 taken 0% (throw)
call   71 returned 100%
branch 72 taken 100%
branch 73 taken 0%
call   74 returned 100%
branch 75 taken 100%
branch 76 taken 0%
call   77 never executed
call   78 never executed
call   79 never executed
call   80 never executed
call   81 never executed
        -:  241:
        -:  242:}
        -:  243:
function _ZN21TestGraph_Edge_2_TestIN5boost14adjacency_listINS0_4setSENS0_4vecSENS0_9directedSENS0_11no_propertyES5_S5_NS0_5listSEEEE8TestBodyEv called 2 returned 100% blocks executed 37%
function _ZN21TestGraph_Edge_2_TestI5GraphE8TestBodyEv called 2 returned 100% blocks executed 38%
function _ZN21TestGraph_Edge_2_TestIN5boost14adjacency_listINS0_4setSENS0_4vecSENS0_9directedSENS0_11no_propertyES5_S5_NS0_5listSEEEED0Ev called 2 returned 100% blocks executed 100%
function _ZN21TestGraph_Edge_2_TestIN5boost14adjacency_listINS0_4setSENS0_4vecSENS0_9directedSENS0_11no_propertyES5_S5_NS0_5listSEEEED2Ev called 2 returned 100% blocks executed 75%
function _ZN21TestGraph_Edge_2_TestI5GraphED0Ev called 2 returned 100% blocks executed 100%
function _ZN21TestGraph_Edge_2_TestI5GraphED2Ev called 2 returned 100% blocks executed 75%
function _ZN21TestGraph_Edge_2_TestIN5boost14adjacency_listINS0_4setSENS0_4vecSENS0_9directedSENS0_11no_propertyES5_S5_NS0_5listSEEEEC2Ev called 2 returned 100% blocks executed 100%
function _ZN21TestGraph_Edge_2_TestI5GraphEC2Ev called 2 returned 100% blocks executed 100%
       18:  244:TYPED_TEST(TestGraph, Edge_2){
call    0 returned 100%
call    1 returned 100%
call    2 returned 100%
branch  3 taken 0% (fallthrough)
branch  4 taken 100%
call    5 never executed
call    6 returned 100%
call    7 returned 100%
call    8 returned 100%
branch  9 taken 0% (fallthrough)
branch 10 taken 100%
call   11 never executed
call   12 returned 100%
call   13 returned 100%
call   14 returned 100%
        -:  245:    ALL_OF_THIS;
        4:  246:    graph_type g;
branch  0 taken 100% (fallthrough)
branch  1 taken 0% (throw)
call    2 returned 100%
branch  3 taken 100% (fallthrough)
branch  4 taken 0% (throw)
call    5 returned 100%
[...]
function _ZN20TestGraph_Edges_TestI5GraphED0Ev called 2 returned 100% blocks executed 100%
function _ZN20TestGraph_Edges_TestI5GraphED2Ev called 2 returned 100% blocks executed 75%
function _ZN20TestGraph_Edges_TestIN5boost14adjacency_listINS0_4setSENS0_4vecSENS0_9directedSENS0_11no_propertyES5_S5_NS0_5listSEEEEC2Ev called 2 returned 100% blocks executed 100%
function _ZN20TestGraph_Edges_TestI5GraphEC2Ev called 2 returned 100% blocks executed 100%
       18:  720:TYPED_TEST(TestGraph, Edges) {
call    0 returned 100%
call    1 returned 100%
call    2 returned 100%
branch  3 taken 0% (fallthrough)
branch  4 taken 100%
call    5 never executed
call    6 returned 100%
call    7 returned 100%
call    8 returned 100%
branch  9 taken 0% (fallthrough)
branch 10 taken 100%
call   11 never executed
call   12 returned 100%
call   13 returned 100%
call   14 returned 100%
        -:  721:    ALL_OF_THIS;
        -:  722:
        4:  723:    graph_type g;
branch  0 taken 100% (fallthrough)
branch  1 taken 0% (throw)
call    2 returned 100%
branch  3 taken 100% (fallthrough)
branch  4 taken 0% (throw)
call    5 returned 100%
        -:  724:
        4:  725:    vertex_descriptor vdA = add_vertex(g);
branch  0 taken 100% (fallthrough)
branch  1 taken 0% (throw)
call    2 returned 100%
branch  3 taken 100% (fallthrough)
branch  4 taken 0% (throw)
call    5 returned 100%
        4:  726:    vertex_descriptor vdB = add_vertex(g);
branch  0 taken 100% (fallthrough)
branch  1 taken 0% (throw)
call    2 returned 100%
branch  3 taken 100% (fallthrough)
branch  4 taken 0% (throw)
call    5 returned 100%
        4:  727:    vertex_descriptor vdC = add_vertex(g);
branch  0 taken 100% (fallthrough)
branch  1 taken 0% (throw)
call    2 returned 100%
branch  3 taken 100% (fallthrough)
branch  4 taken 0% (throw)
call    5 returned 100%
        -:  728:
        4:  729:    edge_descriptor edAB = add_edge(vdA, vdB, g).first;
branch  0 taken 100% (fallthrough)
branch  1 taken 0% (throw)
call    2 returned 100%
branch  3 taken 100% (fallthrough)
branch  4 taken 0% (throw)
call    5 returned 100%
        4:  730:    edge_descriptor edAC = add_edge(vdA, vdC, g).first;
branch  0 taken 100% (fallthrough)
branch  1 taken 0% (throw)
call    2 returned 100%
branch  3 taken 100% (fallthrough)
branch  4 taken 0% (throw)
call    5 returned 100%
        -:  731:
        4:  732:    std::pair<edge_iterator, edge_iterator> p = edges(g);
branch  0 taken 100% (fallthrough)
branch  1 taken 0% (throw)
call    2 returned 100%
call    3 returned 100%
        4:  733:    edge_iterator                           b = p.first;
branch  0 taken 100% (fallthrough)
branch  1 taken 0% (throw)
call    2 returned 100%
        4:  734:    edge_iterator                           e = p.second;
branch  0 taken 100% (fallthrough)
branch  1 taken 0% (throw)
call    2 returned 100%
        4:  735:    if (b != e) {
branch  0 taken 100% (fallthrough)
branch  1 taken 0% (throw)
call    2 returned 100%
branch  3 taken 100% (fallthrough)
branch  4 taken 0%
call    5 returned 100%
branch  6 taken 100% (fallthrough)
branch  7 taken 0%
        4:  736:        edge_descriptor ed = *b;
branch  0 taken 100% (fallthrough)
branch  1 taken 0% (throw)
call    2 returned 100%
call    3 returned 100%
        4:  737:        ASSERT_EQ(edAB, ed);}
branch  0 taken 100% (fallthrough)
branch  1 taken 0% (throw)
call    2 returned 100%
call    3 returned 100%
branch  4 taken 0% (fallthrough)
branch  5 taken 100%
branch  6 never executed
branch  7 never executed
call    8 never executed
branch  9 never executed
branch 10 never executed
call   11 never executed
branch 12 never executed
branch 13 never executed
call   14 never executed
branch 15 never executed
branch 16 never executed
call   17 never executed
branch 18 never executed
branch 19 never executed
call   20 never executed
branch 21 never executed
branch 22 never executed
call   23 never executed
branch 24 taken 100% (fallthrough)
branch 25 taken 0% (throw)
call   26 returned 100%
branch 27 taken 100%
branch 28 taken 0%
call   29 never executed
call   30 never executed
call   31 never executed
branch 32 taken 100% (fallthrough)
branch 33 taken 0% (throw)
call   34 returned 100%
call   35 returned 100%
branch 36 taken 0% (fallthrough)
branch 37 taken 100%
branch 38 never executed
branch 39 never executed
call   40 never executed
branch 41 never executed
branch 42 never executed
call   43 never executed
branch 44 never executed
branch 45 never executed
call   46 never executed
branch 47 never executed
branch 48 never executed
call   49 never executed
branch 50 never executed
branch 51 never executed
call   52 never executed
branch 53 never executed
branch 54 never executed
call   55 never executed
branch 56 taken 100% (fallthrough)
branch 57 taken 0% (throw)
call   58 returned 100%
branch 59 taken 100%
branch 60 taken 0%
call   61 never executed
call   62 never executed
call   63 never executed
        4:  738:    ++b;
branch  0 taken 100% (fallthrough)
branch  1 taken 0% (throw)
call    2 returned 100%
call    3 returned 100%
        4:  739:    if (b != e) {
branch  0 taken 100% (fallthrough)
branch  1 taken 0% (throw)
call    2 returned 100%
branch  3 taken 100% (fallthrough)
branch  4 taken 0%
call    5 returned 100%
branch  6 taken 100% (fallthrough)
branch  7 taken 0%
        4:  740:        edge_descriptor ed = *b;
branch  0 taken 100% (fallthrough)
branch  1 taken 0% (throw)
call    2 returned 100%
call    3 returned 100%
        4:  741:        ASSERT_EQ(edAC, ed);}
branch  0 taken 100% (fallthrough)
branch  1 taken 0% (throw)
call    2 returned 100%
call    3 returned 100%
branch  4 taken 0% (fallthrough)
branch  5 taken 100%
branch  6 never executed
branch  7 never executed
call    8 never executed
branch  9 never executed
branch 10 never executed
call   11 never executed
branch 12 never executed
branch 13 never executed
call   14 never executed
branch 15 never executed
branch 16 never executed
call   17 never executed
branch 18 never executed
branch 19 never executed
call   20 never executed
branch 21 never executed
branch 22 never executed
call   23 never executed
branch 24 taken 100% (fallthrough)
branch 25 taken 0% (throw)
call   26 returned 100%
branch 27 taken 100%
branch 28 taken 0%
call   29 never executed
call   30 never executed
call   31 never executed
branch 32 taken 100% (fallthrough)
branch 33 taken 0% (throw)
call   34 returned 100%
call   35 returned 100%
branch 36 taken 0% (fallthrough)
branch 37 taken 100%
branch 38 never executed
branch 39 never executed
call   40 never executed
branch 41 never executed
branch 42 never executed
call   43 never executed
branch 44 never executed
branch 45 never executed
call   46 never executed
branch 47 never executed
branch 48 never executed
call   49 never executed
branch 50 never executed
branch 51 never executed
call   52 never executed
branch 53 never executed
branch 54 never executed
call   55 never executed
branch 56 taken 100% (fallthrough)
branch 57 taken 0% (throw)
call   58 returned 100%
branch 59 taken 100%
branch 60 taken 0%
call   61 never executed
call   62 never executed
call   63 never executed
        4:  742:    ++b;
branch  0 taken 100% (fallthrough)
branch  1 taken 0% (throw)
call    2 returned 100%
call    3 returned 100%
        4:  743:    ASSERT_EQ(e, b);}
branch  0 taken 100% (fallthrough)
branch  1 taken 0% (throw)
call    2 returned 100%
call    3 returned 100%
branch  4 taken 0% (fallthrough)
branch  5 taken 100%
branch  6 never executed
branch  7 never executed
call    8 never executed
branch  9 never executed
branch 10 never executed
call   11 never executed
branch 12 never executed
branch 13 never executed
call   14 never executed
branch 15 never executed
branch 16 never executed
call   17 never executed
branch 18 never executed
branch 19 never executed
call   20 never executed
branch 21 never executed
branch 22 never executed
call   23 never executed
branch 24 taken 100% (fallthrough)
branch 25 taken 0% (throw)
call   26 returned 100%
branch 27 taken 100%
branch 28 taken 0%
branch 29 taken 100% (fallthrough)
branch 30 taken 0% (throw)
call   31 returned 100%
branch 32 taken 0%
branch 33 taken 100%
branch 34 taken 100% (fallthrough)
branch 35 taken 0% (throw)
call   36 returned 100%
branch 37 taken 0%
branch 38 taken 100%
branch 39 taken 100% (fallthrough)
branch 40 taken 0% (throw)
call   41 returned 100%
branch 42 taken 0%
branch 43 taken 100%
branch 44 taken 100% (fallthrough)
branch 45 taken 0% (throw)
call   46 returned 100%
branch 47 taken 100%
branch 48 taken 0%
call   49 never executed
call   50 never executed
call   51 never executed
call   52 never executed
call   53 never executed
call   54 never executed
call   55 never executed
call   56 never executed
branch 57 taken 100% (fallthrough)
branch 58 taken 0% (throw)
call   59 returned 100%
call   60 returned 100%
branch 61 taken 0% (fallthrough)
branch 62 taken 100%
branch 63 never executed
branch 64 never executed
call   65 never executed
branch 66 never executed
branch 67 never executed
call   68 never executed
branch 69 never executed
branch 70 never executed
call   71 never executed
branch 72 never executed
branch 73 never executed
call   74 never executed
branch 75 never executed
branch 76 never executed
call   77 never executed
branch 78 never executed
branch 79 never executed
call   80 never executed
branch 81 taken 100% (fallthrough)
branch 82 taken 0% (throw)
call   83 returned 100%
branch 84 taken 100%
branch 85 taken 0%
call   86 returned 100%
branch 87 taken 100%
branch 88 taken 0%
call   89 never executed
call   90 never executed
call   91 never executed
call   92 never executed
call   93 never executed
        -:  744:
function _ZN32TestGraph_Adjacent_Vertices_TestIN5boost14adjacency_listINS0_4setSENS0_4vecSENS0_9directedSENS0_11no_propertyES5_S5_NS0_5listSEEEE8TestBodyEv called 2 returned 100% blocks executed 43%
function _ZN32TestGraph_Adjacent_Vertices_TestI5GraphE8TestBodyEv called 2 returned 100% blocks executed 44%
function _ZN32TestGraph_Adjacent_Vertices_TestIN5boost14adjacency_listINS0_4setSENS0_4vecSENS0_9directedSENS0_11no_propertyES5_S5_NS0_5listSEEEED0Ev called 2 returned 100% blocks executed 100%
function _ZN32TestGraph_Adjacent_Vertices_TestIN5boost14adjacency_listINS0_4setSENS0_4vecSENS0_9directedSENS0_11no_propertyES5_S5_NS0_5listSEEEED2Ev called 2 returned 100% blocks executed 75%
function _ZN32TestGraph_Adjacent_Vertices_TestI5GraphED0Ev called 2 returned 100% blocks executed 100%
function _ZN32TestGraph_Adjacent_Vertices_TestI5GraphED2Ev called 2 returned 100% blocks executed 75%
function _ZN32TestGraph_Adjacent_Vertices_TestIN5boost14adjacency_listINS0_4setSENS0_4vecSENS0_9directedSENS0_11no_propertyES5_S5_NS0_5listSEEEEC2Ev called 2 returned 100% blocks executed 100%
function _ZN32TestGraph_Adjacent_Vertices_TestI5GraphEC2Ev called 2 returned 100% blocks executed 100%
       18:  745:TYPED_TEST(TestGraph, Adjacent_Vertices) {
call    0 returned 100%
call    1 returned 100%
call    2 returned 100%
branch  3 taken 0% (fallthrough)
branch  4 taken 100%
call    5 never executed
call    6 returned 100%
call    7 returned 100%
call    8 returned 100%
branch  9 taken 0% (fallthrough)
branch 10 taken 100%
call   11 never executed
call   12 returned 100%
call   13 returned 100%
call   14 returned 100%
        -:  746:    ALL_OF_THIS;
        -:  747:
        4:  748:    graph_type g;
branch  0 taken 100% (fallthrough)
branch  1 taken 0% (throw)
call    2 returned 100%
branch  3 taken 100% (fallthrough)
branch  4 taken 0% (throw)
call    5 returned 100%
        -:  749:
        4:  750:    vertex_descriptor vdA = add_vertex(g);
branch  0 taken 100% (fallthrough)
branch  1 taken 0% (throw)
call    2 returned 100%
branch  3 taken 100% (fallthrough)
branch  4 taken 0% (throw)
call    5 returned 100%
        4:  751:    vertex_descriptor vdB = add_vertex(g);
branch  0 taken 100% (fallthrough)
branch  1 taken 0% (throw)
call    2 returned 100%
branch  3 taken 100% (fallthrough)
branch  4 taken 0% (throw)
call    5 returned 100%
        4:  752:    vertex_descriptor vdC = add_vertex(g);
branch  0 taken 100% (fallthrough)
branch  1 taken 0% (throw)
call    2 returned 100%
branch  3 taken 100% (fallthrough)
branch  4 taken 0% (throw)
call    5 returned 100%
        -:  753:
        4:  754:    add_edge(vdA, vdB, g);
branch  0 taken 100% (fallthrough)
branch  1 taken 0% (throw)
call    2 returned 100%
branch  3 taken 100% (fallthrough)
branch  4 taken 0% (throw)
call    5 returned 100%
        4:  755:    add_edge(vdA, vdC, g);
branch  0 taken 100% (fallthrough)
branch  1 taken 0% (throw)
call    2 returned 100%
branch  3 taken 100% (fallthrough)
branch  4 taken 0% (throw)
call    5 returned 100%
        -:  756:
        4:  757:    std::pair<adjacency_iterator, adjacency_iterator> p = adjacent_vertices(vdA, g);
branch  0 taken 100% (fallthrough)
branch  1 taken 0% (throw)
call    2 returned 100%
branch  3 taken 100% (fallthrough)
branch  4 taken 0% (throw)
call    5 returned 100%
        4:  758:    adjacency_iterator b = p.first;
        4:  759:    adjacency_iterator e = p.second;
        4:  760:    if (b != e) {
branch  0 taken 100% (fallthrough)
branch  1 taken 0% (throw)
call    2 returned 100%
branch  3 taken 100% (fallthrough)
branch  4 taken 0%
call    5 returned 100%
branch  6 taken 100% (fallthrough)
branch  7 taken 0%
        4:  761:        vertex_descriptor vd = *b;
branch  0 taken 100% (fallthrough)
branch  1 taken 0% (throw)
call    2 returned 100%
call    3 returned 100%
        4:  762:        ASSERT_EQ(vdB, vd);}
branch  0 taken 100% (fallthrough)
branch  1 taken 0% (throw)
call    2 returned 100%
call    3 returned 100%
branch  4 taken 0% (fallthrough)
branch  5 taken 100%
branch  6 never executed
branch  7 never executed
call    8 never executed
branch  9 never executed
branch 10 never executed
call   11 never executed
branch 12 never executed
branch 13 never executed
call   14 never executed
branch 15 never executed
branch 16 never executed
call   17 never executed
branch 18 never executed
branch 19 never executed
call   20 never executed
branch 21 never executed
branch 22 never executed
call   23 never executed
branch 24 taken 100% (fallthrough)
branch 25 taken 0% (throw)
call   26 returned 100%
branch 27 taken 100%
branch 28 taken 0%
call   29 never executed
call   30 never executed
call   31 never executed
branch 32 taken 100% (fallthrough)
branch 33 taken 0% (throw)
call   34 returned 100%
call   35 returned 100%
branch 36 taken 0% (fallthrough)
branch 37 taken 100%
branch 38 never executed
branch 39 never executed
call   40 never executed
branch 41 never executed
branch 42 never executed
call   43 never executed
branch 44 never executed
branch 45 never executed
call   46 never executed
branch 47 never executed
branch 48 never executed
call   49 never executed
branch 50 never executed
branch 51 never executed
call   52 never executed
branch 53 never executed
branch 54 never executed
call   55 never executed
branch 56 taken 100% (fallthrough)
branch 57 taken 0% (throw)
call   58 returned 100%
branch 59 taken 100%
branch 60 taken 0%
call   61 never executed
call   62 never executed
call   63 never executed
        4:  763:    ++b;
branch  0 taken 100% (fallthrough)
branch  1 taken 0% (throw)
call    2 returned 100%
call    3 returned 100%
        4:  764:    if (b != e) {
branch  0 taken 100% (fallthrough)
branch  1 taken 0% (throw)
call    2 returned 100%
branch  3 taken 100% (fallthrough)
branch  4 taken 0%
call    5 returned 100%
branch  6 taken 100% (fallthrough)
branch  7 taken 0%
        4:  765:        vertex_descriptor vd = *b;
branch  0 taken 100% (fallthrough)
branch  1 taken 0% (throw)
call    2 returned 100%
call    3 returned 100%
        4:  766:        ASSERT_EQ(vdC, vd);}
branch  0 taken 100% (fallthrough)
branch  1 taken 0% (throw)
call    2 returned 100%
call    3 returned 100%
branch  4 taken 0% (fallthrough)
branch  5 taken 100%
branch  6 never executed
branch  7 never executed
call    8 never executed
branch  9 never executed
branch 10 never executed
call   11 never executed
branch 12 never executed
branch 13 never executed
call   14 never executed
branch 15 never executed
branch 16 never executed
call   17 never executed
branch 18 never executed
branch 19 never executed
call   20 never executed
branch 21 never executed
branch 22 never executed
call   23 never executed
branch 24 taken 100% (fallthrough)
branch 25 taken 0% (throw)
call   26 returned 100%
branch 27 taken 100%
branch 28 taken 0%
call   29 never executed
call   30 never executed
call   31 never executed
branch 32 taken 100% (fallthrough)
branch 33 taken 0% (throw)
call   34 returned 100%
call   35 returned 100%
branch 36 taken 0% (fallthrough)
branch 37 taken 100%
branch 38 never executed
branch 39 never executed
call   40 never executed
branch 41 never executed
branch 42 never executed
call   43 never executed
branch 44 never executed
branch 45 never executed
call   46 never executed
branch 47 never executed
branch 48 never executed
call   49 never executed
branch 50 never executed
branch 51 never executed
call   52 never executed
branch 53 never executed
branch 54 never executed
call   55 never executed
branch 56 taken 100% (fallthrough)
branch 57 taken 0% (throw)
call   58 returned 100%
branch 59 taken 100%
branch 60 taken 0%
call   61 never executed
call   62 never executed
call   63 never executed
        4:  767:    ++b;
branch  0 taken 100% (fallthrough)
branch  1 taken 0% (throw)
call    2 returned 100%
call    3 returned 100%
function _GLOBAL__sub_I_gtest_TestGraph_Num_Edges_1_registered_ called 2 returned 100% blocks executed 100%
function _Z41__static_initialization_and_destruction_0ii called 2 returned 100% blocks executed 100%
       10:  768:    ASSERT_EQ(e, b);}
call    0 returned 100%
branch  1 taken 100% (fallthrough)
branch  2 taken 0% (throw)
call    3 returned 100%
call    4 returned 100%
branch  5 taken 0% (fallthrough)
branch  6 taken 100%
branch  7 never executed
branch  8 never executed
call    9 never executed
branch 10 never executed
branch 11 never executed
call   12 never executed
branch 13 never executed
branch 14 never executed
call   15 never executed
branch 16 never executed
branch 17 never executed
call   18 never executed
branch 19 never executed
branch 20 never executed
call   21 never executed
branch 22 never executed
branch 23 never executed
call   24 never executed
branch 25 taken 100% (fallthrough)
branch 26 taken 0% (throw)
call   27 returned 100%
branch 28 taken 100%
branch 29 taken 0%
branch 30 taken 100% (fallthrough)
branch 31 taken 0% (throw)
call   32 returned 100%
branch 33 taken 100%
branch 34 taken 0%
call   35 never executed
call   36 never executed
call   37 never executed
call   38 never executed
call   39 never executed
branch 40 taken 100% (fallthrough)
branch 41 taken 0% (throw)
call   42 returned 100%
call   43 returned 100%
branch 44 taken 0% (fallthrough)
branch 45 taken 100%
branch 46 never executed
branch 47 never executed
call   48 never executed
branch 49 never executed
branch 50 never executed
call   51 never executed
branch 52 never executed
branch 53 never executed
call   54 never executed
branch 55 never executed
branch 56 never executed
call   57 never executed
branch 58 never executed
branch 59 never executed
call   60 never executed
branch 61 never executed
branch 62 never executed
call   63 never executed
branch 64 taken 100% (fallthrough)
branch 65 taken 0% (throw)
call   66 returned 100%
branch 67 taken 100%
branch 68 taken 0%
call   69 returned 100%
branch 70 taken 100%
branch 71 taken 0%
call   72 never executed
call   73 never executed
call   74 never executed
call   75 never executed
call   76 never executed
branch 77 taken 100% (fallthrough)
branch 78 taken 0%
branch 79 taken 100% (fallthrough)
branch 80 taken 0%
